--------------- Build Started: 12/10/2015 15:46:50 Project: VDAC Example, Configuration: ARM GCC 4.8.4 Debug ---------------
cydsfit.exe -.appdatapath "C:\Users\Digi-Key\AppData\Local\Cypress Semiconductor\PSoC Creator\3.2" -.fdsnotice -.fdswarpdepfile=warp_dependencies.txt -.fdselabdepfile=elab_dependencies.txt -.fdsbldfile=generated_files.txt -p "C:\Users\Digi-Key\Documents\PSoC Creator\VDAC Example\VDAC Example.cydsn\VDAC Example.cyprj" -d CY8C5888LTI-LP097 -s "C:\Users\Digi-Key\Documents\PSoC Creator\VDAC Example\VDAC Example.cydsn\Generated_Source\PSoC5" -- -yv2 -q10 -ygs -o2 -v3 -.fftcfgtype=LE
Elaborating Design...
HDL Generation ...
Synthesis ...
Place and Route ...
Tech mapping ...
Analog Placement ...
Info: apr.M0002: Analog signal "\ADC:Net_690\" is connected to one terminal only. (App=cydsfit)
Log: apr.M0058: The analog placement iterative improvement is 25% done. (App=cydsfit)
Log: apr.M0058: The analog placement iterative improvement is 51% done. (App=cydsfit)
Analog Routing ...
Analog Code Generation ...
Digital Placement ...
Digital Routing ...
Bitstream Generation ...
Static timing analysis ...
API Generation ...
Dependency Generation ...
Clean Temporary Files ...
arm-none-eabi-gcc.exe -mcpu=cortex-m3 -mthumb -Wno-main -I. -IGenerated_Source\PSoC5 -Wa,-alh=.\CortexM3\ARM_GCC_484\Debug/main.lst -g -D DEBUG -Wall -ffunction-sections -Og -c .\main.c -o .\CortexM3\ARM_GCC_484\Debug\main.o
arm-none-eabi-gcc.exe -mcpu=cortex-m3 -mthumb -Wno-main -I. -IGenerated_Source\PSoC5 -Wa,-alh=.\CortexM3\ARM_GCC_484\Debug/ADC.lst -g -D DEBUG -Wall -ffunction-sections -Og -c .\Generated_Source\PSoC5\ADC.c -o .\CortexM3\ARM_GCC_484\Debug\ADC.o
arm-none-eabi-gcc.exe -mcpu=cortex-m3 -mthumb -Wno-main -I. -IGenerated_Source\PSoC5 -Wa,-alh=.\CortexM3\ARM_GCC_484\Debug/ADC_PM.lst -g -D DEBUG -Wall -ffunction-sections -Og -c .\Generated_Source\PSoC5\ADC_PM.c -o .\CortexM3\ARM_GCC_484\Debug\ADC_PM.o
arm-none-eabi-gcc.exe -mcpu=cortex-m3 -mthumb -Wno-main -I. -IGenerated_Source\PSoC5 -Wa,-alh=.\CortexM3\ARM_GCC_484\Debug/ADC_INT.lst -g -D DEBUG -Wall -ffunction-sections -Og -c .\Generated_Source\PSoC5\ADC_INT.c -o .\CortexM3\ARM_GCC_484\Debug\ADC_INT.o
arm-none-eabi-ar.exe -rs ".\CortexM3\ARM_GCC_484\Debug\VDAC Example.a" .\CortexM3\ARM_GCC_484\Debug\cyfitter_cfg.o .\CortexM3\ARM_GCC_484\Debug\Pin_1.o .\CortexM3\ARM_GCC_484\Debug\Pin_2.o .\CortexM3\ARM_GCC_484\Debug\CyBootAsmGnu.o .\CortexM3\ARM_GCC_484\Debug\CyDmac.o .\CortexM3\ARM_GCC_484\Debug\CyFlash.o .\CortexM3\ARM_GCC_484\Debug\CyLib.o .\CortexM3\ARM_GCC_484\Debug\cyPm.o .\CortexM3\ARM_GCC_484\Debug\CySpc.o .\CortexM3\ARM_GCC_484\Debug\cyutils.o .\CortexM3\ARM_GCC_484\Debug\VDAC.o .\CortexM3\ARM_GCC_484\Debug\VDAC_PM.o .\CortexM3\ARM_GCC_484\Debug\ADC.o .\CortexM3\ARM_GCC_484\Debug\ADC_PM.o .\CortexM3\ARM_GCC_484\Debug\ADC_INT.o .\CortexM3\ARM_GCC_484\Debug\UART.o .\CortexM3\ARM_GCC_484\Debug\UART_PM.o .\CortexM3\ARM_GCC_484\Debug\UART_INT.o .\CortexM3\ARM_GCC_484\Debug\UART_BOOT.o .\CortexM3\ARM_GCC_484\Debug\ADC_AMux.o .\CortexM3\ARM_GCC_484\Debug\ADC_Ext_CP_Clk.o .\CortexM3\ARM_GCC_484\Debug\ADC_IRQ.o .\CortexM3\ARM_GCC_484\Debug\ADC_theACLK.o .\CortexM3\ARM_GCC_484\Debug\UART_IntClock.o
arm-none-eabi-ar.exe: creating .\CortexM3\ARM_GCC_484\Debug\VDAC Example.a
arm-none-eabi-gcc.exe -Wl,--start-group -o ".\CortexM3\ARM_GCC_484\Debug\VDAC Example.elf" .\CortexM3\ARM_GCC_484\Debug\main.o .\CortexM3\ARM_GCC_484\Debug\cymetadata.o .\CortexM3\ARM_GCC_484\Debug\Cm3Start.o ".\CortexM3\ARM_GCC_484\Debug\VDAC Example.a" "C:\Program Files (x86)\Cypress\PSoC Creator\3.2\PSoC Creator\psoc\content\cycomponentlibrary\CyComponentLibrary.cylib\CortexM3\ARM_GCC_484\Debug\CyComponentLibrary.a" -mcpu=cortex-m3 -mthumb -g -ffunction-sections -Og "-Wl,-Map,.\CortexM3\ARM_GCC_484\Debug/VDAC Example.map" -T Generated_Source\PSoC5\cm3gcc.ld -specs=nano.specs -u _printf_float -Wl,--gc-sections -Wl,--end-group
cyelftool.exe -C "C:\Users\Digi-Key\Documents\PSoC Creator\VDAC Example\VDAC Example.cydsn\CortexM3\ARM_GCC_484\Debug\VDAC Example.elf" --flash_row_size 256 --flash_size 262144
cyelftool.exe -S "C:\Users\Digi-Key\Documents\PSoC Creator\VDAC Example\VDAC Example.cydsn\CortexM3\ARM_GCC_484\Debug\VDAC Example.elf"
Flash used: 16128 of 262144 bytes (6.2 %).
SRAM used: 20989 of 65536 bytes (32.0 %). Stack: 16384 bytes. Heap: 4096 bytes.
--------------- Build Succeeded: 12/10/2015 15:47:11 ---------------
