ARM GAS  C:\Users\MYPC~1\AppData\Local\Temp\ccuqYuWd.s 			page 1


   1              		.syntax unified
   2              		.cpu cortex-m3
   3              		.fpu softvfp
   4              		.eabi_attribute 20, 1
   5              		.eabi_attribute 21, 1
   6              		.eabi_attribute 23, 3
   7              		.eabi_attribute 24, 1
   8              		.eabi_attribute 25, 1
   9              		.eabi_attribute 26, 1
  10              		.eabi_attribute 30, 1
  11              		.eabi_attribute 34, 1
  12              		.eabi_attribute 18, 4
  13              		.thumb
  14              		.syntax unified
  15              		.file	"cymetadata.c"
  16              		.text
  17              	.Ltext0:
  18              		.cfi_sections	.debug_frame
  19              		.global	cy_metadata
  20              		.global	cy_meta_flashprotect
  21              		.global	cy_meta_wonvl
  22              		.global	cy_meta_custnvl
  23              		.global	cy_meta_configecc
  24              		.section	.cyconfigecc,"a",%progbits
  25              		.align	2
  26              		.type	cy_meta_configecc, %object
  27              		.size	cy_meta_configecc, 812
  28              	cy_meta_configecc:
  29 0000 03       		.byte	3
  30 0001 65       		.byte	101
  31 0002 00       		.byte	0
  32 0003 40       		.byte	64
  33 0004 04       		.byte	4
  34 0005 00       		.byte	0
  35 0006 01       		.byte	1
  36 0007 40       		.byte	64
  37 0008 01       		.byte	1
  38 0009 01       		.byte	1
  39 000a 01       		.byte	1
  40 000b 40       		.byte	64
  41 000c 01       		.byte	1
  42 000d 03       		.byte	3
  43 000e 01       		.byte	1
  44 000f 40       		.byte	64
  45 0010 01       		.byte	1
  46 0011 0D       		.byte	13
  47 0012 01       		.byte	1
  48 0013 40       		.byte	64
  49 0014 01       		.byte	1
  50 0015 15       		.byte	21
  51 0016 01       		.byte	1
  52 0017 40       		.byte	64
  53 0018 68       		.byte	104
  54 0019 18       		.byte	24
  55 001a 01       		.byte	1
  56 001b 40       		.byte	64
  57 001c 3A       		.byte	58
ARM GAS  C:\Users\MYPC~1\AppData\Local\Temp\ccuqYuWd.s 			page 2


  58 001d 19       		.byte	25
  59 001e 01       		.byte	1
  60 001f 40       		.byte	64
  61 0020 10       		.byte	16
  62 0021 1A       		.byte	26
  63 0022 01       		.byte	1
  64 0023 40       		.byte	64
  65 0024 47       		.byte	71
  66 0025 1B       		.byte	27
  67 0026 01       		.byte	1
  68 0027 40       		.byte	64
  69 0028 02       		.byte	2
  70 0029 44       		.byte	68
  71 002a 01       		.byte	1
  72 002b 40       		.byte	64
  73 002c 02       		.byte	2
  74 002d 45       		.byte	69
  75 002e 01       		.byte	1
  76 002f 40       		.byte	64
  77 0030 02       		.byte	2
  78 0031 46       		.byte	70
  79 0032 01       		.byte	1
  80 0033 40       		.byte	64
  81 0034 01       		.byte	1
  82 0035 47       		.byte	71
  83 0036 01       		.byte	1
  84 0037 40       		.byte	64
  85 0038 02       		.byte	2
  86 0039 48       		.byte	72
  87 003a 01       		.byte	1
  88 003b 40       		.byte	64
  89 003c 01       		.byte	1
  90 003d 49       		.byte	73
  91 003e 01       		.byte	1
  92 003f 40       		.byte	64
  93 0040 01       		.byte	1
  94 0041 4C       		.byte	76
  95 0042 01       		.byte	1
  96 0043 40       		.byte	64
  97 0044 0A       		.byte	10
  98 0045 4D       		.byte	77
  99 0046 01       		.byte	1
 100 0047 40       		.byte	64
 101 0048 02       		.byte	2
 102 0049 50       		.byte	80
 103 004a 01       		.byte	1
 104 004b 40       		.byte	64
 105 004c 88       		.byte	-120
 106 004d 0F       		.byte	15
 107 004e 8A       		.byte	-118
 108 004f 72       		.byte	114
 109 0050 8B       		.byte	-117
 110 0051 38       		.byte	56
 111 0052 39       		.byte	57
 112 0053 80       		.byte	-128
 113 0054 3F       		.byte	63
 114 0055 40       		.byte	64
ARM GAS  C:\Users\MYPC~1\AppData\Local\Temp\ccuqYuWd.s 			page 3


 115 0056 59       		.byte	89
 116 0057 04       		.byte	4
 117 0058 5F       		.byte	95
 118 0059 01       		.byte	1
 119 005a 20       		.byte	32
 120 005b 01       		.byte	1
 121 005c B4       		.byte	-76
 122 005d 01       		.byte	1
 123 005e EC       		.byte	-20
 124 005f 10       		.byte	16
 125 0060 EC       		.byte	-20
 126 0061 10       		.byte	16
 127 0062 05       		.byte	5
 128 0063 10       		.byte	16
 129 0064 06       		.byte	6
 130 0065 08       		.byte	8
 131 0066 07       		.byte	7
 132 0067 AC       		.byte	-84
 133 0068 08       		.byte	8
 134 0069 11       		.byte	17
 135 006a 0A       		.byte	10
 136 006b 06       		.byte	6
 137 006c 0C       		.byte	12
 138 006d 11       		.byte	17
 139 006e 0D       		.byte	13
 140 006f 14       		.byte	20
 141 0070 0E       		.byte	14
 142 0071 0E       		.byte	14
 143 0072 11       		.byte	17
 144 0073 0C       		.byte	12
 145 0074 13       		.byte	19
 146 0075 71       		.byte	113
 147 0076 14       		.byte	20
 148 0077 0C       		.byte	12
 149 0078 15       		.byte	21
 150 0079 10       		.byte	16
 151 007a 16       		.byte	22
 152 007b 13       		.byte	19
 153 007c 17       		.byte	23
 154 007d 40       		.byte	64
 155 007e 18       		.byte	24
 156 007f 40       		.byte	64
 157 0080 1B       		.byte	27
 158 0081 03       		.byte	3
 159 0082 1E       		.byte	30
 160 0083 0C       		.byte	12
 161 0084 20       		.byte	32
 162 0085 20       		.byte	32
 163 0086 21       		.byte	33
 164 0087 09       		.byte	9
 165 0088 22       		.byte	34
 166 0089 03       		.byte	3
 167 008a 23       		.byte	35
 168 008b D0       		.byte	-48
 169 008c 29       		.byte	41
 170 008d DC       		.byte	-36
 171 008e 2B       		.byte	43
ARM GAS  C:\Users\MYPC~1\AppData\Local\Temp\ccuqYuWd.s 			page 4


 172 008f 22       		.byte	34
 173 0090 2F       		.byte	47
 174 0091 20       		.byte	32
 175 0092 32       		.byte	50
 176 0093 0F       		.byte	15
 177 0094 34       		.byte	52
 178 0095 40       		.byte	64
 179 0096 35       		.byte	53
 180 0097 1F       		.byte	31
 181 0098 36       		.byte	54
 182 0099 30       		.byte	48
 183 009a 37       		.byte	55
 184 009b E0       		.byte	-32
 185 009c 38       		.byte	56
 186 009d 80       		.byte	-128
 187 009e 3A       		.byte	58
 188 009f 08       		.byte	8
 189 00a0 3B       		.byte	59
 190 00a1 80       		.byte	-128
 191 00a2 3E       		.byte	62
 192 00a3 10       		.byte	16
 193 00a4 40       		.byte	64
 194 00a5 65       		.byte	101
 195 00a6 41       		.byte	65
 196 00a7 04       		.byte	4
 197 00a8 45       		.byte	69
 198 00a9 0E       		.byte	14
 199 00aa 46       		.byte	70
 200 00ab CB       		.byte	-53
 201 00ac 48       		.byte	72
 202 00ad 0D       		.byte	13
 203 00ae 49       		.byte	73
 204 00af FF       		.byte	-1
 205 00b0 4A       		.byte	74
 206 00b1 FF       		.byte	-1
 207 00b2 4B       		.byte	75
 208 00b3 FF       		.byte	-1
 209 00b4 4E       		.byte	78
 210 00b5 F0       		.byte	-16
 211 00b6 4F       		.byte	79
 212 00b7 44       		.byte	68
 213 00b8 50       		.byte	80
 214 00b9 0C       		.byte	12
 215 00ba 54       		.byte	84
 216 00bb 01       		.byte	1
 217 00bc 58       		.byte	88
 218 00bd 04       		.byte	4
 219 00be 59       		.byte	89
 220 00bf 04       		.byte	4
 221 00c0 5A       		.byte	90
 222 00c1 04       		.byte	4
 223 00c2 5B       		.byte	91
 224 00c3 04       		.byte	4
 225 00c4 5C       		.byte	92
 226 00c5 11       		.byte	17
 227 00c6 5D       		.byte	93
 228 00c7 11       		.byte	17
ARM GAS  C:\Users\MYPC~1\AppData\Local\Temp\ccuqYuWd.s 			page 5


 229 00c8 5F       		.byte	95
 230 00c9 01       		.byte	1
 231 00ca 66       		.byte	102
 232 00cb C0       		.byte	-64
 233 00cc 6A       		.byte	106
 234 00cd 40       		.byte	64
 235 00ce 6B       		.byte	107
 236 00cf 02       		.byte	2
 237 00d0 85       		.byte	-123
 238 00d1 44       		.byte	68
 239 00d2 87       		.byte	-121
 240 00d3 31       		.byte	49
 241 00d4 89       		.byte	-119
 242 00d5 01       		.byte	1
 243 00d6 8B       		.byte	-117
 244 00d7 0E       		.byte	14
 245 00d8 8C       		.byte	-116
 246 00d9 73       		.byte	115
 247 00da 8E       		.byte	-114
 248 00db 04       		.byte	4
 249 00dc 92       		.byte	-110
 250 00dd 08       		.byte	8
 251 00de 94       		.byte	-108
 252 00df 2A       		.byte	42
 253 00e0 95       		.byte	-107
 254 00e1 67       		.byte	103
 255 00e2 96       		.byte	-106
 256 00e3 44       		.byte	68
 257 00e4 98       		.byte	-104
 258 00e5 73       		.byte	115
 259 00e6 99       		.byte	-103
 260 00e7 67       		.byte	103
 261 00e8 9A       		.byte	-102
 262 00e9 0C       		.byte	12
 263 00ea A5       		.byte	-91
 264 00eb 22       		.byte	34
 265 00ec A7       		.byte	-89
 266 00ed D1       		.byte	-47
 267 00ee A8       		.byte	-88
 268 00ef 03       		.byte	3
 269 00f0 AA       		.byte	-86
 270 00f1 44       		.byte	68
 271 00f2 AE       		.byte	-82
 272 00f3 55       		.byte	85
 273 00f4 B0       		.byte	-80
 274 00f5 30       		.byte	48
 275 00f6 B1       		.byte	-79
 276 00f7 80       		.byte	-128
 277 00f8 B3       		.byte	-77
 278 00f9 60       		.byte	96
 279 00fa B4       		.byte	-76
 280 00fb 0F       		.byte	15
 281 00fc B5       		.byte	-75
 282 00fd 07       		.byte	7
 283 00fe B6       		.byte	-74
 284 00ff 40       		.byte	64
 285 0100 B7       		.byte	-73
ARM GAS  C:\Users\MYPC~1\AppData\Local\Temp\ccuqYuWd.s 			page 6


 286 0101 18       		.byte	24
 287 0102 B8       		.byte	-72
 288 0103 02       		.byte	2
 289 0104 BA       		.byte	-70
 290 0105 28       		.byte	40
 291 0106 BE       		.byte	-66
 292 0107 41       		.byte	65
 293 0108 BF       		.byte	-65
 294 0109 40       		.byte	64
 295 010a C0       		.byte	-64
 296 010b 04       		.byte	4
 297 010c C5       		.byte	-59
 298 010d 04       		.byte	4
 299 010e C9       		.byte	-55
 300 010f FF       		.byte	-1
 301 0110 CA       		.byte	-54
 302 0111 07       		.byte	7
 303 0112 CB       		.byte	-53
 304 0113 FF       		.byte	-1
 305 0114 CC       		.byte	-52
 306 0115 40       		.byte	64
 307 0116 CD       		.byte	-51
 308 0117 20       		.byte	32
 309 0118 CE       		.byte	-50
 310 0119 F0       		.byte	-16
 311 011a CF       		.byte	-49
 312 011b 05       		.byte	5
 313 011c D0       		.byte	-48
 314 011d 08       		.byte	8
 315 011e D8       		.byte	-40
 316 011f 04       		.byte	4
 317 0120 D9       		.byte	-39
 318 0121 04       		.byte	4
 319 0122 DA       		.byte	-38
 320 0123 04       		.byte	4
 321 0124 DC       		.byte	-36
 322 0125 11       		.byte	17
 323 0126 DD       		.byte	-35
 324 0127 01       		.byte	1
 325 0128 DF       		.byte	-33
 326 0129 01       		.byte	1
 327 012a E0       		.byte	-32
 328 012b 40       		.byte	64
 329 012c E1       		.byte	-31
 330 012d A8       		.byte	-88
 331 012e E2       		.byte	-30
 332 012f 40       		.byte	64
 333 0130 E3       		.byte	-29
 334 0131 20       		.byte	32
 335 0132 03       		.byte	3
 336 0133 01       		.byte	1
 337 0134 05       		.byte	5
 338 0135 24       		.byte	36
 339 0136 07       		.byte	7
 340 0137 01       		.byte	1
 341 0138 09       		.byte	9
 342 0139 08       		.byte	8
ARM GAS  C:\Users\MYPC~1\AppData\Local\Temp\ccuqYuWd.s 			page 7


 343 013a 0A       		.byte	10
 344 013b 04       		.byte	4
 345 013c 0B       		.byte	11
 346 013d 80       		.byte	-128
 347 013e 0D       		.byte	13
 348 013f 28       		.byte	40
 349 0140 0E       		.byte	14
 350 0141 01       		.byte	1
 351 0142 0F       		.byte	15
 352 0143 08       		.byte	8
 353 0144 10       		.byte	16
 354 0145 02       		.byte	2
 355 0146 11       		.byte	17
 356 0147 20       		.byte	32
 357 0148 13       		.byte	19
 358 0149 20       		.byte	32
 359 014a 15       		.byte	21
 360 014b 02       		.byte	2
 361 014c 18       		.byte	24
 362 014d 40       		.byte	64
 363 014e 19       		.byte	25
 364 014f A8       		.byte	-88
 365 0150 1A       		.byte	26
 366 0151 0C       		.byte	12
 367 0152 1D       		.byte	29
 368 0153 08       		.byte	8
 369 0154 1E       		.byte	30
 370 0155 09       		.byte	9
 371 0156 1F       		.byte	31
 372 0157 48       		.byte	72
 373 0158 20       		.byte	32
 374 0159 02       		.byte	2
 375 015a 21       		.byte	33
 376 015b 14       		.byte	20
 377 015c 23       		.byte	35
 378 015d 40       		.byte	64
 379 015e 26       		.byte	38
 380 015f 20       		.byte	32
 381 0160 27       		.byte	39
 382 0161 01       		.byte	1
 383 0162 28       		.byte	40
 384 0163 20       		.byte	32
 385 0164 2C       		.byte	44
 386 0165 02       		.byte	2
 387 0166 2F       		.byte	47
 388 0167 48       		.byte	72
 389 0168 33       		.byte	51
 390 0169 14       		.byte	20
 391 016a 34       		.byte	52
 392 016b 10       		.byte	16
 393 016c 35       		.byte	53
 394 016d 04       		.byte	4
 395 016e 36       		.byte	54
 396 016f 20       		.byte	32
 397 0170 37       		.byte	55
 398 0171 01       		.byte	1
 399 0172 39       		.byte	57
ARM GAS  C:\Users\MYPC~1\AppData\Local\Temp\ccuqYuWd.s 			page 8


 400 0173 28       		.byte	40
 401 0174 3B       		.byte	59
 402 0175 08       		.byte	8
 403 0176 3E       		.byte	62
 404 0177 04       		.byte	4
 405 0178 3F       		.byte	63
 406 0179 80       		.byte	-128
 407 017a 40       		.byte	64
 408 017b 40       		.byte	64
 409 017c 47       		.byte	71
 410 017d 01       		.byte	1
 411 017e 49       		.byte	73
 412 017f 04       		.byte	4
 413 0180 4C       		.byte	76
 414 0181 02       		.byte	2
 415 0182 4E       		.byte	78
 416 0183 04       		.byte	4
 417 0184 4F       		.byte	79
 418 0185 08       		.byte	8
 419 0186 50       		.byte	80
 420 0187 02       		.byte	2
 421 0188 51       		.byte	81
 422 0189 01       		.byte	1
 423 018a 55       		.byte	85
 424 018b 10       		.byte	16
 425 018c 57       		.byte	87
 426 018d 40       		.byte	64
 427 018e 5D       		.byte	93
 428 018f 81       		.byte	-127
 429 0190 5E       		.byte	94
 430 0191 08       		.byte	8
 431 0192 5F       		.byte	95
 432 0193 20       		.byte	32
 433 0194 C0       		.byte	-64
 434 0195 E1       		.byte	-31
 435 0196 C2       		.byte	-62
 436 0197 EE       		.byte	-18
 437 0198 C4       		.byte	-60
 438 0199 13       		.byte	19
 439 019a CA       		.byte	-54
 440 019b B2       		.byte	-78
 441 019c CC       		.byte	-52
 442 019d E6       		.byte	-26
 443 019e CE       		.byte	-50
 444 019f 56       		.byte	86
 445 01a0 D0       		.byte	-48
 446 01a1 81       		.byte	-127
 447 01a2 D2       		.byte	-46
 448 01a3 30       		.byte	48
 449 01a4 D6       		.byte	-42
 450 01a5 F0       		.byte	-16
 451 01a6 86       		.byte	-122
 452 01a7 02       		.byte	2
 453 01a8 88       		.byte	-120
 454 01a9 01       		.byte	1
 455 01aa 92       		.byte	-110
 456 01ab 02       		.byte	2
ARM GAS  C:\Users\MYPC~1\AppData\Local\Temp\ccuqYuWd.s 			page 9


 457 01ac 94       		.byte	-108
 458 01ad 01       		.byte	1
 459 01ae 98       		.byte	-104
 460 01af 04       		.byte	4
 461 01b0 A0       		.byte	-96
 462 01b1 01       		.byte	1
 463 01b2 B0       		.byte	-80
 464 01b3 01       		.byte	1
 465 01b4 B2       		.byte	-78
 466 01b5 04       		.byte	4
 467 01b6 B4       		.byte	-76
 468 01b7 02       		.byte	2
 469 01b8 BE       		.byte	-66
 470 01b9 14       		.byte	20
 471 01ba D4       		.byte	-44
 472 01bb 18       		.byte	24
 473 01bc D8       		.byte	-40
 474 01bd 04       		.byte	4
 475 01be DB       		.byte	-37
 476 01bf 04       		.byte	4
 477 01c0 DC       		.byte	-36
 478 01c1 01       		.byte	1
 479 01c2 DD       		.byte	-35
 480 01c3 10       		.byte	16
 481 01c4 DF       		.byte	-33
 482 01c5 01       		.byte	1
 483 01c6 00       		.byte	0
 484 01c7 84       		.byte	-124
 485 01c8 01       		.byte	1
 486 01c9 08       		.byte	8
 487 01ca 02       		.byte	2
 488 01cb 10       		.byte	16
 489 01cc 03       		.byte	3
 490 01cd 08       		.byte	8
 491 01ce 05       		.byte	5
 492 01cf 04       		.byte	4
 493 01d0 07       		.byte	7
 494 01d1 04       		.byte	4
 495 01d2 09       		.byte	9
 496 01d3 08       		.byte	8
 497 01d4 0A       		.byte	10
 498 01d5 80       		.byte	-128
 499 01d6 0B       		.byte	11
 500 01d7 0A       		.byte	10
 501 01d8 0C       		.byte	12
 502 01d9 10       		.byte	16
 503 01da 0D       		.byte	13
 504 01db 04       		.byte	4
 505 01dc 0F       		.byte	15
 506 01dd 80       		.byte	-128
 507 01de 10       		.byte	16
 508 01df 80       		.byte	-128
 509 01e0 11       		.byte	17
 510 01e1 40       		.byte	64
 511 01e2 12       		.byte	18
 512 01e3 0C       		.byte	12
 513 01e4 13       		.byte	19
ARM GAS  C:\Users\MYPC~1\AppData\Local\Temp\ccuqYuWd.s 			page 10


 514 01e5 08       		.byte	8
 515 01e6 17       		.byte	23
 516 01e7 02       		.byte	2
 517 01e8 19       		.byte	25
 518 01e9 12       		.byte	18
 519 01ea 1A       		.byte	26
 520 01eb 01       		.byte	1
 521 01ec 1B       		.byte	27
 522 01ed 48       		.byte	72
 523 01ee 1C       		.byte	28
 524 01ef 40       		.byte	64
 525 01f0 1E       		.byte	30
 526 01f1 24       		.byte	36
 527 01f2 1F       		.byte	31
 528 01f3 01       		.byte	1
 529 01f4 22       		.byte	34
 530 01f5 49       		.byte	73
 531 01f6 23       		.byte	35
 532 01f7 04       		.byte	4
 533 01f8 2A       		.byte	42
 534 01f9 16       		.byte	22
 535 01fa 2B       		.byte	43
 536 01fb 02       		.byte	2
 537 01fc 32       		.byte	50
 538 01fd 51       		.byte	81
 539 01fe 33       		.byte	51
 540 01ff 08       		.byte	8
 541 0200 38       		.byte	56
 542 0201 28       		.byte	40
 543 0202 3B       		.byte	59
 544 0203 42       		.byte	66
 545 0204 40       		.byte	64
 546 0205 44       		.byte	68
 547 0206 42       		.byte	66
 548 0207 01       		.byte	1
 549 0208 43       		.byte	67
 550 0209 08       		.byte	8
 551 020a 48       		.byte	72
 552 020b 01       		.byte	1
 553 020c 49       		.byte	73
 554 020d 04       		.byte	4
 555 020e 53       		.byte	83
 556 020f 02       		.byte	2
 557 0210 59       		.byte	89
 558 0211 10       		.byte	16
 559 0212 5D       		.byte	93
 560 0213 02       		.byte	2
 561 0214 66       		.byte	102
 562 0215 80       		.byte	-128
 563 0216 67       		.byte	103
 564 0217 04       		.byte	4
 565 0218 69       		.byte	105
 566 0219 08       		.byte	8
 567 021a 6B       		.byte	107
 568 021b 16       		.byte	22
 569 021c 70       		.byte	112
 570 021d 94       		.byte	-108
ARM GAS  C:\Users\MYPC~1\AppData\Local\Temp\ccuqYuWd.s 			page 11


 571 021e 71       		.byte	113
 572 021f 08       		.byte	8
 573 0220 72       		.byte	114
 574 0221 02       		.byte	2
 575 0222 73       		.byte	115
 576 0223 08       		.byte	8
 577 0224 8A       		.byte	-118
 578 0225 94       		.byte	-108
 579 0226 8C       		.byte	-116
 580 0227 20       		.byte	32
 581 0228 8D       		.byte	-115
 582 0229 40       		.byte	64
 583 022a 8E       		.byte	-114
 584 022b 10       		.byte	16
 585 022c 93       		.byte	-109
 586 022d 48       		.byte	72
 587 022e 98       		.byte	-104
 588 022f 10       		.byte	16
 589 0230 99       		.byte	-103
 590 0231 08       		.byte	8
 591 0232 9C       		.byte	-100
 592 0233 20       		.byte	32
 593 0234 9F       		.byte	-97
 594 0235 14       		.byte	20
 595 0236 A0       		.byte	-96
 596 0237 41       		.byte	65
 597 0238 AD       		.byte	-83
 598 0239 21       		.byte	33
 599 023a B0       		.byte	-80
 600 023b 40       		.byte	64
 601 023c B1       		.byte	-79
 602 023d 10       		.byte	16
 603 023e C0       		.byte	-64
 604 023f 67       		.byte	103
 605 0240 C2       		.byte	-62
 606 0241 7F       		.byte	127
 607 0242 C4       		.byte	-60
 608 0243 1F       		.byte	31
 609 0244 CA       		.byte	-54
 610 0245 0F       		.byte	15
 611 0246 CC       		.byte	-52
 612 0247 0F       		.byte	15
 613 0248 CE       		.byte	-50
 614 0249 0F       		.byte	15
 615 024a D0       		.byte	-48
 616 024b 0F       		.byte	15
 617 024c D2       		.byte	-46
 618 024d 08       		.byte	8
 619 024e D6       		.byte	-42
 620 024f 84       		.byte	-124
 621 0250 D8       		.byte	-40
 622 0251 30       		.byte	48
 623 0252 EC       		.byte	-20
 624 0253 10       		.byte	16
 625 0254 7C       		.byte	124
 626 0255 01       		.byte	1
 627 0256 DE       		.byte	-34
ARM GAS  C:\Users\MYPC~1\AppData\Local\Temp\ccuqYuWd.s 			page 12


 628 0257 01       		.byte	1
 629 0258 B4       		.byte	-76
 630 0259 01       		.byte	1
 631 025a EC       		.byte	-20
 632 025b 08       		.byte	8
 633 025c 45       		.byte	69
 634 025d 08       		.byte	8
 635 025e D0       		.byte	-48
 636 025f 01       		.byte	1
 637 0260 A5       		.byte	-91
 638 0261 08       		.byte	8
 639 0262 25       		.byte	37
 640 0263 10       		.byte	16
 641 0264 C8       		.byte	-56
 642 0265 20       		.byte	32
 643 0266 B5       		.byte	-75
 644 0267 10       		.byte	16
 645 0268 A5       		.byte	-91
 646 0269 08       		.byte	8
 647 026a 12       		.byte	18
 648 026b 80       		.byte	-128
 649 026c 75       		.byte	117
 650 026d 02       		.byte	2
 651 026e 89       		.byte	-119
 652 026f 02       		.byte	2
 653 0270 8E       		.byte	-114
 654 0271 80       		.byte	-128
 655 0272 B5       		.byte	-75
 656 0273 08       		.byte	8
 657 0274 C4       		.byte	-60
 658 0275 08       		.byte	8
 659 0276 DE       		.byte	-34
 660 0277 04       		.byte	4
 661 0278 E0       		.byte	-32
 662 0279 01       		.byte	1
 663 027a E2       		.byte	-30
 664 027b 02       		.byte	2
 665 027c EC       		.byte	-20
 666 027d 08       		.byte	8
 667 027e 10       		.byte	16
 668 027f 02       		.byte	2
 669 0280 1C       		.byte	28
 670 0281 02       		.byte	2
 671 0282 00       		.byte	0
 672 0283 00       		.byte	0
 673 0284 80       		.byte	-128
 674 0285 80       		.byte	-128
 675 0286 00       		.byte	0
 676 0287 00       		.byte	0
 677 0288 40       		.byte	64
 678 0289 00       		.byte	0
 679 028a 00       		.byte	0
 680 028b 00       		.byte	0
 681 028c 00       		.byte	0
 682 028d 00       		.byte	0
 683 028e 00       		.byte	0
 684 028f 83       		.byte	-125
ARM GAS  C:\Users\MYPC~1\AppData\Local\Temp\ccuqYuWd.s 			page 13


 685 0290 FF       		.byte	-1
 686 0291 18       		.byte	24
 687 0292 00       		.byte	0
 688 0293 00       		.byte	0
 689 0294 F3       		.byte	-13
 690 0295 08       		.byte	8
 691 0296 0C       		.byte	12
 692 0297 00       		.byte	0
 693 0298 33       		.byte	51
 694 0299 00       		.byte	0
 695 029a 00       		.byte	0
 696 029b 04       		.byte	4
 697 029c CC       		.byte	-52
 698 029d 00       		.byte	0
 699 029e 33       		.byte	51
 700 029f 40       		.byte	64
 701 02a0 0C       		.byte	12
 702 02a1 A7       		.byte	-89
 703 02a2 00       		.byte	0
 704 02a3 18       		.byte	24
 705 02a4 22       		.byte	34
 706 02a5 04       		.byte	4
 707 02a6 00       		.byte	0
 708 02a7 00       		.byte	0
 709 02a8 00       		.byte	0
 710 02a9 1C       		.byte	28
 711 02aa B3       		.byte	-77
 712 02ab A2       		.byte	-94
 713 02ac 08       		.byte	8
 714 02ad 10       		.byte	16
 715 02ae 00       		.byte	0
 716 02af 00       		.byte	0
 717 02b0 04       		.byte	4
 718 02b1 1C       		.byte	28
 719 02b2 00       		.byte	0
 720 02b3 A1       		.byte	-95
 721 02b4 4F       		.byte	79
 722 02b5 BF       		.byte	-65
 723 02b6 B0       		.byte	-80
 724 02b7 00       		.byte	0
 725 02b8 11       		.byte	17
 726 02b9 00       		.byte	0
 727 02ba 00       		.byte	0
 728 02bb 40       		.byte	64
 729 02bc 30       		.byte	48
 730 02bd 20       		.byte	32
 731 02be 0F       		.byte	15
 732 02bf 98       		.byte	-104
 733 02c0 40       		.byte	64
 734 02c1 40       		.byte	64
 735 02c2 8C       		.byte	-116
 736 02c3 1F       		.byte	31
 737 02c4 00       		.byte	0
 738 02c5 02       		.byte	2
 739 02c6 08       		.byte	8
 740 02c7 88       		.byte	-120
 741 02c8 00       		.byte	0
ARM GAS  C:\Users\MYPC~1\AppData\Local\Temp\ccuqYuWd.s 			page 14


 742 02c9 00       		.byte	0
 743 02ca 10       		.byte	16
 744 02cb 10       		.byte	16
 745 02cc 34       		.byte	52
 746 02cd 02       		.byte	2
 747 02ce 01       		.byte	1
 748 02cf 00       		.byte	0
 749 02d0 05       		.byte	5
 750 02d1 0C       		.byte	12
 751 02d2 00       		.byte	0
 752 02d3 E0       		.byte	-32
 753 02d4 21       		.byte	33
 754 02d5 FF       		.byte	-1
 755 02d6 FF       		.byte	-1
 756 02d7 FF       		.byte	-1
 757 02d8 62       		.byte	98
 758 02d9 A0       		.byte	-96
 759 02da F0       		.byte	-16
 760 02db 41       		.byte	65
 761 02dc 0C       		.byte	12
 762 02dd 00       		.byte	0
 763 02de 00       		.byte	0
 764 02df 00       		.byte	0
 765 02e0 00       		.byte	0
 766 02e1 00       		.byte	0
 767 02e2 02       		.byte	2
 768 02e3 11       		.byte	17
 769 02e4 04       		.byte	4
 770 02e5 04       		.byte	4
 771 02e6 04       		.byte	4
 772 02e7 04       		.byte	4
 773 02e8 11       		.byte	17
 774 02e9 11       		.byte	17
 775 02ea 00       		.byte	0
 776 02eb 01       		.byte	1
 777 02ec 00       		.byte	0
 778 02ed 00       		.byte	0
 779 02ee 00       		.byte	0
 780 02ef 00       		.byte	0
 781 02f0 00       		.byte	0
 782 02f1 00       		.byte	0
 783 02f2 40       		.byte	64
 784 02f3 02       		.byte	2
 785 02f4 00       		.byte	0
 786 02f5 10       		.byte	16
 787 02f6 30       		.byte	48
 788 02f7 10       		.byte	16
 789 02f8 00       		.byte	0
 790 02f9 10       		.byte	16
 791 02fa 10       		.byte	16
 792 02fb 12       		.byte	18
 793 02fc 00       		.byte	0
 794 02fd 00       		.byte	0
 795 02fe 00       		.byte	0
 796 02ff 00       		.byte	0
 797 0300 00       		.byte	0
 798 0301 00       		.byte	0
ARM GAS  C:\Users\MYPC~1\AppData\Local\Temp\ccuqYuWd.s 			page 15


 799 0302 00       		.byte	0
 800 0303 00       		.byte	0
 801 0304 00       		.byte	0
 802 0305 00       		.byte	0
 803 0306 00       		.byte	0
 804 0307 00       		.byte	0
 805 0308 00       		.byte	0
 806 0309 00       		.byte	0
 807 030a 00       		.byte	0
 808 030b 00       		.byte	0
 809 030c 80       		.byte	-128
 810 030d 00       		.byte	0
 811 030e 40       		.byte	64
 812 030f 80       		.byte	-128
 813 0310 80       		.byte	-128
 814 0311 00       		.byte	0
 815 0312 80       		.byte	-128
 816 0313 00       		.byte	0
 817 0314 00       		.byte	0
 818 0315 00       		.byte	0
 819 0316 00       		.byte	0
 820 0317 00       		.byte	0
 821 0318 00       		.byte	0
 822 0319 0B       		.byte	11
 823 031a 0B       		.byte	11
 824 031b 00       		.byte	0
 825 031c 00       		.byte	0
 826 031d 00       		.byte	0
 827 031e 00       		.byte	0
 828 031f 00       		.byte	0
 829 0320 00       		.byte	0
 830 0321 00       		.byte	0
 831 0322 00       		.byte	0
 832 0323 00       		.byte	0
 833 0324 00       		.byte	0
 834 0325 00       		.byte	0
 835 0326 30       		.byte	48
 836 0327 00       		.byte	0
 837 0328 25       		.byte	37
 838 0329 00       		.byte	0
 839 032a 18       		.byte	24
 840 032b 01       		.byte	1
 841              		.section	.cywolatch,"a",%progbits
 842              		.align	2
 843              		.type	cy_meta_wonvl, %object
 844              		.size	cy_meta_wonvl, 4
 845              	cy_meta_wonvl:
 846 0000 BC       		.byte	-68
 847 0001 90       		.byte	-112
 848 0002 AC       		.byte	-84
 849 0003 AF       		.byte	-81
 850              		.section	.cycustnvl,"a",%progbits
 851              		.align	2
 852              		.type	cy_meta_custnvl, %object
 853              		.size	cy_meta_custnvl, 4
 854              	cy_meta_custnvl:
 855 0000 00       		.byte	0
ARM GAS  C:\Users\MYPC~1\AppData\Local\Temp\ccuqYuWd.s 			page 16


 856 0001 00       		.byte	0
 857 0002 40       		.byte	64
 858 0003 05       		.byte	5
 859              		.section	.cymeta,"a",%progbits
 860              		.align	2
 861              		.type	cy_metadata, %object
 862              		.size	cy_metadata, 12
 863              	cy_metadata:
 864 0000 00       		.byte	0
 865 0001 01       		.byte	1
 866 0002 2E       		.byte	46
 867 0003 16       		.byte	22
 868 0004 10       		.byte	16
 869 0005 69       		.byte	105
 870 0006 00       		.byte	0
 871 0007 01       		.byte	1
 872 0008 00       		.byte	0
 873 0009 00       		.byte	0
 874 000a 00       		.byte	0
 875 000b 00       		.byte	0
 876              		.section	.cyflashprotect,"a",%progbits
 877              		.align	2
 878              		.type	cy_meta_flashprotect, %object
 879              		.size	cy_meta_flashprotect, 256
 880              	cy_meta_flashprotect:
 881 0000 00000000 		.space	256
 881      00000000 
 881      00000000 
 881      00000000 
 881      00000000 
 882              		.text
 883              	.Letext0:
 884              		.file 1 "c:\\program files (x86)\\cypress\\psoc creator\\4.2\\psoc creator\\import\\gnu\\arm\\5.4.
 885              		.file 2 "c:\\program files (x86)\\cypress\\psoc creator\\4.2\\psoc creator\\import\\gnu\\arm\\5.4.
 886              		.file 3 "Generated_Source\\PSoC5\\cymetadata.c"
 887              		.section	.debug_info,"",%progbits
 888              	.Ldebug_info0:
 889 0000 31010000 		.4byte	0x131
 890 0004 0400     		.2byte	0x4
 891 0006 00000000 		.4byte	.Ldebug_abbrev0
 892 000a 04       		.byte	0x4
 893 000b 01       		.uleb128 0x1
 894 000c 60000000 		.4byte	.LASF17
 895 0010 0C       		.byte	0xc
 896 0011 BA010000 		.4byte	.LASF18
 897 0015 0A000000 		.4byte	.LASF19
 898 0019 00000000 		.4byte	.Ldebug_line0
 899 001d 02       		.uleb128 0x2
 900 001e 01       		.byte	0x1
 901 001f 06       		.byte	0x6
 902 0020 AE010000 		.4byte	.LASF0
 903 0024 03       		.uleb128 0x3
 904 0025 00000000 		.4byte	.LASF9
 905 0029 01       		.byte	0x1
 906 002a 1D       		.byte	0x1d
 907 002b 2F000000 		.4byte	0x2f
 908 002f 02       		.uleb128 0x2
ARM GAS  C:\Users\MYPC~1\AppData\Local\Temp\ccuqYuWd.s 			page 17


 909 0030 01       		.byte	0x1
 910 0031 08       		.byte	0x8
 911 0032 52000000 		.4byte	.LASF1
 912 0036 02       		.uleb128 0x2
 913 0037 02       		.byte	0x2
 914 0038 05       		.byte	0x5
 915 0039 9B010000 		.4byte	.LASF2
 916 003d 02       		.uleb128 0x2
 917 003e 02       		.byte	0x2
 918 003f 07       		.byte	0x7
 919 0040 00010000 		.4byte	.LASF3
 920 0044 02       		.uleb128 0x2
 921 0045 04       		.byte	0x4
 922 0046 05       		.byte	0x5
 923 0047 A5010000 		.4byte	.LASF4
 924 004b 02       		.uleb128 0x2
 925 004c 04       		.byte	0x4
 926 004d 07       		.byte	0x7
 927 004e EE000000 		.4byte	.LASF5
 928 0052 02       		.uleb128 0x2
 929 0053 08       		.byte	0x8
 930 0054 05       		.byte	0x5
 931 0055 8D010000 		.4byte	.LASF6
 932 0059 02       		.uleb128 0x2
 933 005a 08       		.byte	0x8
 934 005b 07       		.byte	0x7
 935 005c 42010000 		.4byte	.LASF7
 936 0060 04       		.uleb128 0x4
 937 0061 04       		.byte	0x4
 938 0062 05       		.byte	0x5
 939 0063 696E7400 		.ascii	"int\000"
 940 0067 02       		.uleb128 0x2
 941 0068 04       		.byte	0x4
 942 0069 07       		.byte	0x7
 943 006a 35010000 		.4byte	.LASF8
 944 006e 03       		.uleb128 0x3
 945 006f 59010000 		.4byte	.LASF10
 946 0073 02       		.byte	0x2
 947 0074 18       		.byte	0x18
 948 0075 24000000 		.4byte	0x24
 949 0079 05       		.uleb128 0x5
 950 007a 91000000 		.4byte	0x91
 951 007e 8A000000 		.4byte	0x8a
 952 0082 06       		.uleb128 0x6
 953 0083 8A000000 		.4byte	0x8a
 954 0087 2B03     		.2byte	0x32b
 955 0089 00       		.byte	0
 956 008a 02       		.uleb128 0x2
 957 008b 04       		.byte	0x4
 958 008c 07       		.byte	0x7
 959 008d 84010000 		.4byte	.LASF11
 960 0091 07       		.uleb128 0x7
 961 0092 6E000000 		.4byte	0x6e
 962 0096 08       		.uleb128 0x8
 963 0097 23010000 		.4byte	.LASF12
 964 009b 03       		.byte	0x3
 965 009c 1F       		.byte	0x1f
ARM GAS  C:\Users\MYPC~1\AppData\Local\Temp\ccuqYuWd.s 			page 18


 966 009d A7000000 		.4byte	0xa7
 967 00a1 05       		.uleb128 0x5
 968 00a2 03       		.byte	0x3
 969 00a3 00000000 		.4byte	cy_meta_configecc
 970 00a7 07       		.uleb128 0x7
 971 00a8 79000000 		.4byte	0x79
 972 00ac 05       		.uleb128 0x5
 973 00ad 91000000 		.4byte	0x91
 974 00b1 BC000000 		.4byte	0xbc
 975 00b5 09       		.uleb128 0x9
 976 00b6 8A000000 		.4byte	0x8a
 977 00ba 03       		.byte	0x3
 978 00bb 00       		.byte	0
 979 00bc 08       		.uleb128 0x8
 980 00bd 13010000 		.4byte	.LASF13
 981 00c1 03       		.byte	0x3
 982 00c2 92       		.byte	0x92
 983 00c3 CD000000 		.4byte	0xcd
 984 00c7 05       		.uleb128 0x5
 985 00c8 03       		.byte	0x3
 986 00c9 00000000 		.4byte	cy_meta_custnvl
 987 00cd 07       		.uleb128 0x7
 988 00ce AC000000 		.4byte	0xac
 989 00d2 08       		.uleb128 0x8
 990 00d3 76010000 		.4byte	.LASF14
 991 00d7 03       		.byte	0x3
 992 00d8 A0       		.byte	0xa0
 993 00d9 E3000000 		.4byte	0xe3
 994 00dd 05       		.uleb128 0x5
 995 00de 03       		.byte	0x3
 996 00df 00000000 		.4byte	cy_meta_wonvl
 997 00e3 07       		.uleb128 0x7
 998 00e4 AC000000 		.4byte	0xac
 999 00e8 05       		.uleb128 0x5
 1000 00e9 91000000 		.4byte	0x91
 1001 00ed F8000000 		.4byte	0xf8
 1002 00f1 09       		.uleb128 0x9
 1003 00f2 8A000000 		.4byte	0x8a
 1004 00f6 FF       		.byte	0xff
 1005 00f7 00       		.byte	0
 1006 00f8 08       		.uleb128 0x8
 1007 00f9 61010000 		.4byte	.LASF15
 1008 00fd 03       		.byte	0x3
 1009 00fe AE       		.byte	0xae
 1010 00ff 09010000 		.4byte	0x109
 1011 0103 05       		.uleb128 0x5
 1012 0104 03       		.byte	0x3
 1013 0105 00000000 		.4byte	cy_meta_flashprotect
 1014 0109 07       		.uleb128 0x7
 1015 010a E8000000 		.4byte	0xe8
 1016 010e 05       		.uleb128 0x5
 1017 010f 91000000 		.4byte	0x91
 1018 0113 1E010000 		.4byte	0x11e
 1019 0117 09       		.uleb128 0x9
 1020 0118 8A000000 		.4byte	0x8a
 1021 011c 0B       		.byte	0xb
 1022 011d 00       		.byte	0
ARM GAS  C:\Users\MYPC~1\AppData\Local\Temp\ccuqYuWd.s 			page 19


 1023 011e 08       		.uleb128 0x8
 1024 011f 46000000 		.4byte	.LASF16
 1025 0123 03       		.byte	0x3
 1026 0124 DB       		.byte	0xdb
 1027 0125 2F010000 		.4byte	0x12f
 1028 0129 05       		.uleb128 0x5
 1029 012a 03       		.byte	0x3
 1030 012b 00000000 		.4byte	cy_metadata
 1031 012f 07       		.uleb128 0x7
 1032 0130 0E010000 		.4byte	0x10e
 1033 0134 00       		.byte	0
 1034              		.section	.debug_abbrev,"",%progbits
 1035              	.Ldebug_abbrev0:
 1036 0000 01       		.uleb128 0x1
 1037 0001 11       		.uleb128 0x11
 1038 0002 01       		.byte	0x1
 1039 0003 25       		.uleb128 0x25
 1040 0004 0E       		.uleb128 0xe
 1041 0005 13       		.uleb128 0x13
 1042 0006 0B       		.uleb128 0xb
 1043 0007 03       		.uleb128 0x3
 1044 0008 0E       		.uleb128 0xe
 1045 0009 1B       		.uleb128 0x1b
 1046 000a 0E       		.uleb128 0xe
 1047 000b 10       		.uleb128 0x10
 1048 000c 17       		.uleb128 0x17
 1049 000d 00       		.byte	0
 1050 000e 00       		.byte	0
 1051 000f 02       		.uleb128 0x2
 1052 0010 24       		.uleb128 0x24
 1053 0011 00       		.byte	0
 1054 0012 0B       		.uleb128 0xb
 1055 0013 0B       		.uleb128 0xb
 1056 0014 3E       		.uleb128 0x3e
 1057 0015 0B       		.uleb128 0xb
 1058 0016 03       		.uleb128 0x3
 1059 0017 0E       		.uleb128 0xe
 1060 0018 00       		.byte	0
 1061 0019 00       		.byte	0
 1062 001a 03       		.uleb128 0x3
 1063 001b 16       		.uleb128 0x16
 1064 001c 00       		.byte	0
 1065 001d 03       		.uleb128 0x3
 1066 001e 0E       		.uleb128 0xe
 1067 001f 3A       		.uleb128 0x3a
 1068 0020 0B       		.uleb128 0xb
 1069 0021 3B       		.uleb128 0x3b
 1070 0022 0B       		.uleb128 0xb
 1071 0023 49       		.uleb128 0x49
 1072 0024 13       		.uleb128 0x13
 1073 0025 00       		.byte	0
 1074 0026 00       		.byte	0
 1075 0027 04       		.uleb128 0x4
 1076 0028 24       		.uleb128 0x24
 1077 0029 00       		.byte	0
 1078 002a 0B       		.uleb128 0xb
 1079 002b 0B       		.uleb128 0xb
ARM GAS  C:\Users\MYPC~1\AppData\Local\Temp\ccuqYuWd.s 			page 20


 1080 002c 3E       		.uleb128 0x3e
 1081 002d 0B       		.uleb128 0xb
 1082 002e 03       		.uleb128 0x3
 1083 002f 08       		.uleb128 0x8
 1084 0030 00       		.byte	0
 1085 0031 00       		.byte	0
 1086 0032 05       		.uleb128 0x5
 1087 0033 01       		.uleb128 0x1
 1088 0034 01       		.byte	0x1
 1089 0035 49       		.uleb128 0x49
 1090 0036 13       		.uleb128 0x13
 1091 0037 01       		.uleb128 0x1
 1092 0038 13       		.uleb128 0x13
 1093 0039 00       		.byte	0
 1094 003a 00       		.byte	0
 1095 003b 06       		.uleb128 0x6
 1096 003c 21       		.uleb128 0x21
 1097 003d 00       		.byte	0
 1098 003e 49       		.uleb128 0x49
 1099 003f 13       		.uleb128 0x13
 1100 0040 2F       		.uleb128 0x2f
 1101 0041 05       		.uleb128 0x5
 1102 0042 00       		.byte	0
 1103 0043 00       		.byte	0
 1104 0044 07       		.uleb128 0x7
 1105 0045 26       		.uleb128 0x26
 1106 0046 00       		.byte	0
 1107 0047 49       		.uleb128 0x49
 1108 0048 13       		.uleb128 0x13
 1109 0049 00       		.byte	0
 1110 004a 00       		.byte	0
 1111 004b 08       		.uleb128 0x8
 1112 004c 34       		.uleb128 0x34
 1113 004d 00       		.byte	0
 1114 004e 03       		.uleb128 0x3
 1115 004f 0E       		.uleb128 0xe
 1116 0050 3A       		.uleb128 0x3a
 1117 0051 0B       		.uleb128 0xb
 1118 0052 3B       		.uleb128 0x3b
 1119 0053 0B       		.uleb128 0xb
 1120 0054 49       		.uleb128 0x49
 1121 0055 13       		.uleb128 0x13
 1122 0056 3F       		.uleb128 0x3f
 1123 0057 19       		.uleb128 0x19
 1124 0058 02       		.uleb128 0x2
 1125 0059 18       		.uleb128 0x18
 1126 005a 00       		.byte	0
 1127 005b 00       		.byte	0
 1128 005c 09       		.uleb128 0x9
 1129 005d 21       		.uleb128 0x21
 1130 005e 00       		.byte	0
 1131 005f 49       		.uleb128 0x49
 1132 0060 13       		.uleb128 0x13
 1133 0061 2F       		.uleb128 0x2f
 1134 0062 0B       		.uleb128 0xb
 1135 0063 00       		.byte	0
 1136 0064 00       		.byte	0
ARM GAS  C:\Users\MYPC~1\AppData\Local\Temp\ccuqYuWd.s 			page 21


 1137 0065 00       		.byte	0
 1138              		.section	.debug_aranges,"",%progbits
 1139 0000 14000000 		.4byte	0x14
 1140 0004 0200     		.2byte	0x2
 1141 0006 00000000 		.4byte	.Ldebug_info0
 1142 000a 04       		.byte	0x4
 1143 000b 00       		.byte	0
 1144 000c 0000     		.2byte	0
 1145 000e 0000     		.2byte	0
 1146 0010 00000000 		.4byte	0
 1147 0014 00000000 		.4byte	0
 1148              		.section	.debug_line,"",%progbits
 1149              	.Ldebug_line0:
 1150 0000 3D010000 		.section	.debug_str,"MS",%progbits,1
 1150      02003701 
 1150      00000201 
 1150      FB0E0D00 
 1150      01010101 
 1151              	.LASF9:
 1152 0000 5F5F7569 		.ascii	"__uint8_t\000"
 1152      6E74385F 
 1152      7400
 1153              	.LASF19:
 1154 000a 433A5C55 		.ascii	"C:\\Users\\My PC\\Desktop\\PSoC\\VDAC Example\\VDAC"
 1154      73657273 
 1154      5C4D7920 
 1154      50435C44 
 1154      65736B74 
 1155 0037 20457861 		.ascii	" Example.cydsn\000"
 1155      6D706C65 
 1155      2E637964 
 1155      736E00
 1156              	.LASF16:
 1157 0046 63795F6D 		.ascii	"cy_metadata\000"
 1157      65746164 
 1157      61746100 
 1158              	.LASF1:
 1159 0052 756E7369 		.ascii	"unsigned char\000"
 1159      676E6564 
 1159      20636861 
 1159      7200
 1160              	.LASF17:
 1161 0060 474E5520 		.ascii	"GNU C11 5.4.1 20160609 (release) [ARM/embedded-5-br"
 1161      43313120 
 1161      352E342E 
 1161      31203230 
 1161      31363036 
 1162 0093 616E6368 		.ascii	"anch revision 237715] -mcpu=cortex-m3 -mthumb -g -O"
 1162      20726576 
 1162      6973696F 
 1162      6E203233 
 1162      37373135 
 1163 00c6 67202D66 		.ascii	"g -ffunction-sections -ffat-lto-objects\000"
 1163      66756E63 
 1163      74696F6E 
 1163      2D736563 
 1163      74696F6E 
ARM GAS  C:\Users\MYPC~1\AppData\Local\Temp\ccuqYuWd.s 			page 22


 1164              	.LASF5:
 1165 00ee 6C6F6E67 		.ascii	"long unsigned int\000"
 1165      20756E73 
 1165      69676E65 
 1165      6420696E 
 1165      7400
 1166              	.LASF3:
 1167 0100 73686F72 		.ascii	"short unsigned int\000"
 1167      7420756E 
 1167      7369676E 
 1167      65642069 
 1167      6E7400
 1168              	.LASF13:
 1169 0113 63795F6D 		.ascii	"cy_meta_custnvl\000"
 1169      6574615F 
 1169      63757374 
 1169      6E766C00 
 1170              	.LASF12:
 1171 0123 63795F6D 		.ascii	"cy_meta_configecc\000"
 1171      6574615F 
 1171      636F6E66 
 1171      69676563 
 1171      6300
 1172              	.LASF8:
 1173 0135 756E7369 		.ascii	"unsigned int\000"
 1173      676E6564 
 1173      20696E74 
 1173      00
 1174              	.LASF7:
 1175 0142 6C6F6E67 		.ascii	"long long unsigned int\000"
 1175      206C6F6E 
 1175      6720756E 
 1175      7369676E 
 1175      65642069 
 1176              	.LASF10:
 1177 0159 75696E74 		.ascii	"uint8_t\000"
 1177      385F7400 
 1178              	.LASF15:
 1179 0161 63795F6D 		.ascii	"cy_meta_flashprotect\000"
 1179      6574615F 
 1179      666C6173 
 1179      6870726F 
 1179      74656374 
 1180              	.LASF14:
 1181 0176 63795F6D 		.ascii	"cy_meta_wonvl\000"
 1181      6574615F 
 1181      776F6E76 
 1181      6C00
 1182              	.LASF11:
 1183 0184 73697A65 		.ascii	"sizetype\000"
 1183      74797065 
 1183      00
 1184              	.LASF6:
 1185 018d 6C6F6E67 		.ascii	"long long int\000"
 1185      206C6F6E 
 1185      6720696E 
 1185      7400
ARM GAS  C:\Users\MYPC~1\AppData\Local\Temp\ccuqYuWd.s 			page 23


 1186              	.LASF2:
 1187 019b 73686F72 		.ascii	"short int\000"
 1187      7420696E 
 1187      7400
 1188              	.LASF4:
 1189 01a5 6C6F6E67 		.ascii	"long int\000"
 1189      20696E74 
 1189      00
 1190              	.LASF0:
 1191 01ae 7369676E 		.ascii	"signed char\000"
 1191      65642063 
 1191      68617200 
 1192              	.LASF18:
 1193 01ba 47656E65 		.ascii	"Generated_Source\\PSoC5\\cymetadata.c\000"
 1193      72617465 
 1193      645F536F 
 1193      75726365 
 1193      5C50536F 
 1194              		.ident	"GCC: (GNU Tools for ARM Embedded Processors) 5.4.1 20160609 (release) [ARM/embedded-5-bran
