ARM GAS  C:\Users\Digi-Key\AppData\Local\Temp\ccRrPuO5.s 			page 1


   1              		.syntax unified
   2              		.cpu cortex-m3
   3              		.fpu softvfp
   4              		.eabi_attribute 20, 1
   5              		.eabi_attribute 21, 1
   6              		.eabi_attribute 23, 3
   7              		.eabi_attribute 24, 1
   8              		.eabi_attribute 25, 1
   9              		.eabi_attribute 26, 1
  10              		.eabi_attribute 30, 1
  11              		.eabi_attribute 34, 1
  12              		.eabi_attribute 18, 4
  13              		.thumb
  14              		.file	"main.c"
  15              		.text
  16              	.Ltext0:
  17              		.cfi_sections	.debug_frame
  18              		.global	__aeabi_f2d
  19              		.section	.text.main,"ax",%progbits
  20              		.align	2
  21              		.global	main
  22              		.thumb
  23              		.thumb_func
  24              		.type	main, %function
  25              	main:
  26              	.LFB63:
  27              		.file 1 ".\\main.c"
   1:.\main.c      **** /* ========================================
   2:.\main.c      ****  *
   3:.\main.c      ****  * VDAC examole 
   4:.\main.c      ****  *
   5:.\main.c      ****  * ========================================
   6:.\main.c      **** */
   7:.\main.c      **** #include <project.h>
   8:.\main.c      **** #include <stdio.h> 
   9:.\main.c      **** #include <math.h> 
  10:.\main.c      **** 
  11:.\main.c      **** int main()
  12:.\main.c      **** {
  28              		.loc 1 12 0
  29              		.cfi_startproc
  30              		@ args = 0, pretend = 0, frame = 56
  31              		@ frame_needed = 0, uses_anonymous_args = 0
  32 0000 10B5     		push	{r4, lr}
  33              		.cfi_def_cfa_offset 8
  34              		.cfi_offset 4, -8
  35              		.cfi_offset 14, -4
  36 0002 8EB0     		sub	sp, sp, #56
  37              		.cfi_def_cfa_offset 64
  13:.\main.c      ****     CyGlobalIntEnable; /* Enable global interrupts. */
  38              		.loc 1 13 0
  39              	@ 13 ".\main.c" 1
  40 0004 62B6     		CPSIE   i
  41              	@ 0 "" 2
  14:.\main.c      **** 
  15:.\main.c      ****     /*Start Components*/ 
  16:.\main.c      ****     
ARM GAS  C:\Users\Digi-Key\AppData\Local\Temp\ccRrPuO5.s 			page 2


  17:.\main.c      ****     ADC_Start(); 
  42              		.loc 1 17 0
  43              		.thumb
  44 0006 FFF7FEFF 		bl	ADC_Start
  45              	.LVL0:
  18:.\main.c      ****     VDAC_Start(); 
  46              		.loc 1 18 0
  47 000a FFF7FEFF 		bl	VDAC_Start
  48              	.LVL1:
  19:.\main.c      ****     UART_Start(); 
  49              		.loc 1 19 0
  50 000e FFF7FEFF 		bl	UART_Start
  51              	.LVL2:
  52              	.L4:
  20:.\main.c      ****     
  21:.\main.c      ****     /*Declare variables*/ 
  22:.\main.c      ****     uint16 ADC_reading; 
  23:.\main.c      ****     float voltage; 
  24:.\main.c      ****     char  output_string[50]; 
  25:.\main.c      ****     uint8 i = 0; 
  26:.\main.c      **** 
  27:.\main.c      ****     for(;;)
  28:.\main.c      ****     {
  29:.\main.c      ****         
  30:.\main.c      ****         for (i = 0; i < 255; i++)
  53              		.loc 1 30 0
  54 0012 0024     		movs	r4, #0
  55 0014 1CE0     		b	.L2
  56              	.LVL3:
  57              	.L3:
  31:.\main.c      ****         {
  32:.\main.c      ****             VDAC_SetValue(i);   //increment VDAC output 
  58              		.loc 1 32 0 discriminator 3
  59 0016 2046     		mov	r0, r4
  60 0018 FFF7FEFF 		bl	VDAC_SetValue
  61              	.LVL4:
  33:.\main.c      ****             
  34:.\main.c      ****             ADC_StartConvert(); // read Vdac output 
  62              		.loc 1 34 0 discriminator 3
  63 001c FFF7FEFF 		bl	ADC_StartConvert
  64              	.LVL5:
  35:.\main.c      ****             
  36:.\main.c      ****             ADC_reading = ADC_GetResult16(); 
  65              		.loc 1 36 0 discriminator 3
  66 0020 FFF7FEFF 		bl	ADC_GetResult16
  67              	.LVL6:
  37:.\main.c      ****             
  38:.\main.c      ****             voltage = ADC_CountsTo_Volts(ADC_reading); 
  68              		.loc 1 38 0 discriminator 3
  69 0024 80B2     		uxth	r0, r0
  70 0026 FFF7FEFF 		bl	ADC_CountsTo_Volts
  71              	.LVL7:
  39:.\main.c      ****            
  40:.\main.c      ****             
  41:.\main.c      ****             sprintf(output_string, "%9.6f", voltage); 
  72              		.loc 1 41 0 discriminator 3
  73 002a FFF7FEFF 		bl	__aeabi_f2d
ARM GAS  C:\Users\Digi-Key\AppData\Local\Temp\ccRrPuO5.s 			page 3


  74              	.LVL8:
  75 002e 0246     		mov	r2, r0
  76 0030 0B46     		mov	r3, r1
  77 0032 01A8     		add	r0, sp, #4
  78 0034 0849     		ldr	r1, .L6
  79 0036 FFF7FEFF 		bl	sprintf
  80              	.LVL9:
  42:.\main.c      ****             UART_PutString(output_string); //print to UART 
  81              		.loc 1 42 0 discriminator 3
  82 003a 01A8     		add	r0, sp, #4
  83 003c FFF7FEFF 		bl	UART_PutString
  84              	.LVL10:
  43:.\main.c      ****             UART_PutString("\r\n");           
  85              		.loc 1 43 0 discriminator 3
  86 0040 0648     		ldr	r0, .L6+4
  87 0042 FFF7FEFF 		bl	UART_PutString
  88              	.LVL11:
  44:.\main.c      ****             
  45:.\main.c      ****             CyDelay(250); 
  89              		.loc 1 45 0 discriminator 3
  90 0046 FA20     		movs	r0, #250
  91 0048 FFF7FEFF 		bl	CyDelay
  92              	.LVL12:
  30:.\main.c      ****         {
  93              		.loc 1 30 0 discriminator 3
  94 004c 0134     		adds	r4, r4, #1
  95              	.LVL13:
  96 004e E4B2     		uxtb	r4, r4
  97              	.LVL14:
  98              	.L2:
  30:.\main.c      ****         {
  99              		.loc 1 30 0 is_stmt 0 discriminator 1
 100 0050 FF2C     		cmp	r4, #255
 101 0052 E0D1     		bne	.L3
 102 0054 DDE7     		b	.L4
 103              	.L7:
 104 0056 00BF     		.align	2
 105              	.L6:
 106 0058 00000000 		.word	.LC0
 107 005c 08000000 		.word	.LC1
 108              		.cfi_endproc
 109              	.LFE63:
 110              		.size	main, .-main
 111              		.section	.rodata.str1.4,"aMS",%progbits,1
 112              		.align	2
 113              	.LC0:
 114 0000 25392E36 		.ascii	"%9.6f\000"
 114      6600
 115 0006 0000     		.space	2
 116              	.LC1:
 117 0008 0D0A00   		.ascii	"\015\012\000"
 118 000b 00       		.text
 119              	.Letext0:
 120              		.file 2 "c:\\program files (x86)\\cypress\\psoc creator\\3.3\\psoc creator\\import\\gnu\\arm\\4.9.
 121              		.file 3 "c:\\program files (x86)\\cypress\\psoc creator\\3.3\\psoc creator\\import\\gnu\\arm\\4.9.
 122              		.file 4 "Generated_Source\\PSoC5/cytypes.h"
 123              		.file 5 "Generated_Source\\PSoC5/ADC.h"
ARM GAS  C:\Users\Digi-Key\AppData\Local\Temp\ccRrPuO5.s 			page 4


 124              		.file 6 "Generated_Source\\PSoC5/VDAC.h"
 125              		.file 7 "Generated_Source\\PSoC5/UART.h"
 126              		.file 8 "c:\\program files (x86)\\cypress\\psoc creator\\3.3\\psoc creator\\import\\gnu\\arm\\4.9.
 127              		.file 9 "Generated_Source\\PSoC5/core_cm3.h"
 128              		.file 10 "Generated_Source\\PSoC5/CyLib.h"
 129              		.section	.debug_info,"",%progbits
 130              	.Ldebug_info0:
 131 0000 A6020000 		.4byte	0x2a6
 132 0004 0400     		.2byte	0x4
 133 0006 00000000 		.4byte	.Ldebug_abbrev0
 134 000a 04       		.byte	0x4
 135 000b 01       		.uleb128 0x1
 136 000c DB000000 		.4byte	.LASF34
 137 0010 01       		.byte	0x1
 138 0011 4F000000 		.4byte	.LASF35
 139 0015 97010000 		.4byte	.LASF36
 140 0019 00000000 		.4byte	.Ldebug_ranges0+0
 141 001d 00000000 		.4byte	0
 142 0021 00000000 		.4byte	.Ldebug_line0
 143 0025 02       		.uleb128 0x2
 144 0026 01       		.byte	0x1
 145 0027 06       		.byte	0x6
 146 0028 50020000 		.4byte	.LASF0
 147 002c 02       		.uleb128 0x2
 148 002d 01       		.byte	0x1
 149 002e 08       		.byte	0x8
 150 002f 5E000000 		.4byte	.LASF1
 151 0033 02       		.uleb128 0x2
 152 0034 02       		.byte	0x2
 153 0035 05       		.byte	0x5
 154 0036 20020000 		.4byte	.LASF2
 155 003a 02       		.uleb128 0x2
 156 003b 02       		.byte	0x2
 157 003c 07       		.byte	0x7
 158 003d 13000000 		.4byte	.LASF3
 159 0041 03       		.uleb128 0x3
 160 0042 00000000 		.4byte	.LASF9
 161 0046 02       		.byte	0x2
 162 0047 3F       		.byte	0x3f
 163 0048 4C000000 		.4byte	0x4c
 164 004c 02       		.uleb128 0x2
 165 004d 04       		.byte	0x4
 166 004e 05       		.byte	0x5
 167 004f 0A000000 		.4byte	.LASF4
 168 0053 02       		.uleb128 0x2
 169 0054 04       		.byte	0x4
 170 0055 07       		.byte	0x7
 171 0056 89000000 		.4byte	.LASF5
 172 005a 02       		.uleb128 0x2
 173 005b 08       		.byte	0x8
 174 005c 05       		.byte	0x5
 175 005d FF010000 		.4byte	.LASF6
 176 0061 02       		.uleb128 0x2
 177 0062 08       		.byte	0x8
 178 0063 07       		.byte	0x7
 179 0064 76010000 		.4byte	.LASF7
 180 0068 04       		.uleb128 0x4
ARM GAS  C:\Users\Digi-Key\AppData\Local\Temp\ccRrPuO5.s 			page 5


 181 0069 04       		.byte	0x4
 182 006a 05       		.byte	0x5
 183 006b 696E7400 		.ascii	"int\000"
 184 006f 02       		.uleb128 0x2
 185 0070 04       		.byte	0x4
 186 0071 07       		.byte	0x7
 187 0072 69010000 		.4byte	.LASF8
 188 0076 03       		.uleb128 0x3
 189 0077 DB010000 		.4byte	.LASF10
 190 007b 03       		.byte	0x3
 191 007c 2C       		.byte	0x2c
 192 007d 41000000 		.4byte	0x41
 193 0081 03       		.uleb128 0x3
 194 0082 2A020000 		.4byte	.LASF11
 195 0086 04       		.byte	0x4
 196 0087 C2       		.byte	0xc2
 197 0088 2C000000 		.4byte	0x2c
 198 008c 03       		.uleb128 0x3
 199 008d CD000000 		.4byte	.LASF12
 200 0091 04       		.byte	0x4
 201 0092 C3       		.byte	0xc3
 202 0093 3A000000 		.4byte	0x3a
 203 0097 03       		.uleb128 0x3
 204 0098 D4000000 		.4byte	.LASF13
 205 009c 04       		.byte	0x4
 206 009d C4       		.byte	0xc4
 207 009e 53000000 		.4byte	0x53
 208 00a2 03       		.uleb128 0x3
 209 00a3 83000000 		.4byte	.LASF14
 210 00a7 04       		.byte	0x4
 211 00a8 C6       		.byte	0xc6
 212 00a9 33000000 		.4byte	0x33
 213 00ad 03       		.uleb128 0x3
 214 00ae 9B000000 		.4byte	.LASF15
 215 00b2 04       		.byte	0x4
 216 00b3 C7       		.byte	0xc7
 217 00b4 4C000000 		.4byte	0x4c
 218 00b8 03       		.uleb128 0x3
 219 00b9 3C020000 		.4byte	.LASF16
 220 00bd 04       		.byte	0x4
 221 00be C8       		.byte	0xc8
 222 00bf C3000000 		.4byte	0xc3
 223 00c3 02       		.uleb128 0x2
 224 00c4 04       		.byte	0x4
 225 00c5 04       		.byte	0x4
 226 00c6 58000000 		.4byte	.LASF17
 227 00ca 02       		.uleb128 0x2
 228 00cb 08       		.byte	0x8
 229 00cc 04       		.byte	0x4
 230 00cd C1000000 		.4byte	.LASF18
 231 00d1 03       		.uleb128 0x3
 232 00d2 7D000000 		.4byte	.LASF19
 233 00d6 04       		.byte	0x4
 234 00d7 D3       		.byte	0xd3
 235 00d8 DC000000 		.4byte	0xdc
 236 00dc 02       		.uleb128 0x2
 237 00dd 01       		.byte	0x1
ARM GAS  C:\Users\Digi-Key\AppData\Local\Temp\ccRrPuO5.s 			page 6


 238 00de 08       		.byte	0x8
 239 00df 0D020000 		.4byte	.LASF20
 240 00e3 02       		.uleb128 0x2
 241 00e4 04       		.byte	0x4
 242 00e5 07       		.byte	0x7
 243 00e6 E3010000 		.4byte	.LASF21
 244 00ea 05       		.uleb128 0x5
 245 00eb 04       		.byte	0x4
 246 00ec DC000000 		.4byte	0xdc
 247 00f0 05       		.uleb128 0x5
 248 00f1 04       		.byte	0x4
 249 00f2 F6000000 		.4byte	0xf6
 250 00f6 06       		.uleb128 0x6
 251 00f7 DC000000 		.4byte	0xdc
 252 00fb 02       		.uleb128 0x2
 253 00fc 08       		.byte	0x8
 254 00fd 04       		.byte	0x4
 255 00fe 44020000 		.4byte	.LASF22
 256 0102 07       		.uleb128 0x7
 257 0103 C8000000 		.4byte	.LASF37
 258 0107 01       		.byte	0x1
 259 0108 0B       		.byte	0xb
 260 0109 68000000 		.4byte	0x68
 261 010d 00000000 		.4byte	.LFB63
 262 0111 60000000 		.4byte	.LFE63-.LFB63
 263 0115 01       		.uleb128 0x1
 264 0116 9C       		.byte	0x9c
 265 0117 F7010000 		.4byte	0x1f7
 266 011b 08       		.uleb128 0x8
 267 011c 30020000 		.4byte	.LASF23
 268 0120 01       		.byte	0x1
 269 0121 16       		.byte	0x16
 270 0122 8C000000 		.4byte	0x8c
 271 0126 00000000 		.4byte	.LLST0
 272 012a 08       		.uleb128 0x8
 273 012b AC000000 		.4byte	.LASF24
 274 012f 01       		.byte	0x1
 275 0130 17       		.byte	0x17
 276 0131 C3000000 		.4byte	0xc3
 277 0135 13000000 		.4byte	.LLST1
 278 0139 09       		.uleb128 0x9
 279 013a 41000000 		.4byte	.LASF25
 280 013e 01       		.byte	0x1
 281 013f 18       		.byte	0x18
 282 0140 F7010000 		.4byte	0x1f7
 283 0144 02       		.uleb128 0x2
 284 0145 91       		.byte	0x91
 285 0146 44       		.sleb128 -60
 286 0147 0A       		.uleb128 0xa
 287 0148 6900     		.ascii	"i\000"
 288 014a 01       		.byte	0x1
 289 014b 19       		.byte	0x19
 290 014c 81000000 		.4byte	0x81
 291 0150 26000000 		.4byte	.LLST2
 292 0154 0B       		.uleb128 0xb
 293 0155 0A000000 		.4byte	.LVL0
 294 0159 18020000 		.4byte	0x218
ARM GAS  C:\Users\Digi-Key\AppData\Local\Temp\ccRrPuO5.s 			page 7


 295 015d 0B       		.uleb128 0xb
 296 015e 0E000000 		.4byte	.LVL1
 297 0162 1F020000 		.4byte	0x21f
 298 0166 0B       		.uleb128 0xb
 299 0167 12000000 		.4byte	.LVL2
 300 016b 26020000 		.4byte	0x226
 301 016f 0C       		.uleb128 0xc
 302 0170 1C000000 		.4byte	.LVL4
 303 0174 2D020000 		.4byte	0x22d
 304 0178 83010000 		.4byte	0x183
 305 017c 0D       		.uleb128 0xd
 306 017d 01       		.uleb128 0x1
 307 017e 50       		.byte	0x50
 308 017f 02       		.uleb128 0x2
 309 0180 74       		.byte	0x74
 310 0181 00       		.sleb128 0
 311 0182 00       		.byte	0
 312 0183 0B       		.uleb128 0xb
 313 0184 20000000 		.4byte	.LVL5
 314 0188 3E020000 		.4byte	0x23e
 315 018c 0B       		.uleb128 0xb
 316 018d 24000000 		.4byte	.LVL6
 317 0191 45020000 		.4byte	0x245
 318 0195 0B       		.uleb128 0xb
 319 0196 2A000000 		.4byte	.LVL7
 320 019a 50020000 		.4byte	0x250
 321 019e 0C       		.uleb128 0xc
 322 019f 3A000000 		.4byte	.LVL9
 323 01a3 65020000 		.4byte	0x265
 324 01a7 BB010000 		.4byte	0x1bb
 325 01ab 0D       		.uleb128 0xd
 326 01ac 01       		.uleb128 0x1
 327 01ad 51       		.byte	0x51
 328 01ae 05       		.uleb128 0x5
 329 01af 03       		.byte	0x3
 330 01b0 00000000 		.4byte	.LC0
 331 01b4 0D       		.uleb128 0xd
 332 01b5 01       		.uleb128 0x1
 333 01b6 50       		.byte	0x50
 334 01b7 02       		.uleb128 0x2
 335 01b8 91       		.byte	0x91
 336 01b9 44       		.sleb128 -60
 337 01ba 00       		.byte	0
 338 01bb 0C       		.uleb128 0xc
 339 01bc 40000000 		.4byte	.LVL10
 340 01c0 80020000 		.4byte	0x280
 341 01c4 CF010000 		.4byte	0x1cf
 342 01c8 0D       		.uleb128 0xd
 343 01c9 01       		.uleb128 0x1
 344 01ca 50       		.byte	0x50
 345 01cb 02       		.uleb128 0x2
 346 01cc 91       		.byte	0x91
 347 01cd 44       		.sleb128 -60
 348 01ce 00       		.byte	0
 349 01cf 0C       		.uleb128 0xc
 350 01d0 46000000 		.4byte	.LVL11
 351 01d4 80020000 		.4byte	0x280
ARM GAS  C:\Users\Digi-Key\AppData\Local\Temp\ccRrPuO5.s 			page 8


 352 01d8 E6010000 		.4byte	0x1e6
 353 01dc 0D       		.uleb128 0xd
 354 01dd 01       		.uleb128 0x1
 355 01de 50       		.byte	0x50
 356 01df 05       		.uleb128 0x5
 357 01e0 03       		.byte	0x3
 358 01e1 08000000 		.4byte	.LC1
 359 01e5 00       		.byte	0
 360 01e6 0E       		.uleb128 0xe
 361 01e7 4C000000 		.4byte	.LVL12
 362 01eb 9C020000 		.4byte	0x29c
 363 01ef 0D       		.uleb128 0xd
 364 01f0 01       		.uleb128 0x1
 365 01f1 50       		.byte	0x50
 366 01f2 02       		.uleb128 0x2
 367 01f3 08       		.byte	0x8
 368 01f4 FA       		.byte	0xfa
 369 01f5 00       		.byte	0
 370 01f6 00       		.byte	0
 371 01f7 0F       		.uleb128 0xf
 372 01f8 DC000000 		.4byte	0xdc
 373 01fc 07020000 		.4byte	0x207
 374 0200 10       		.uleb128 0x10
 375 0201 E3000000 		.4byte	0xe3
 376 0205 31       		.byte	0x31
 377 0206 00       		.byte	0
 378 0207 11       		.uleb128 0x11
 379 0208 B4000000 		.4byte	.LASF38
 380 020c 09       		.byte	0x9
 381 020d 2A06     		.2byte	0x62a
 382 020f 13020000 		.4byte	0x213
 383 0213 12       		.uleb128 0x12
 384 0214 76000000 		.4byte	0x76
 385 0218 13       		.uleb128 0x13
 386 0219 8D010000 		.4byte	.LASF26
 387 021d 05       		.byte	0x5
 388 021e 3A       		.byte	0x3a
 389 021f 13       		.uleb128 0x13
 390 0220 36000000 		.4byte	.LASF27
 391 0224 06       		.byte	0x6
 392 0225 33       		.byte	0x33
 393 0226 13       		.uleb128 0x13
 394 0227 A1000000 		.4byte	.LASF28
 395 022b 07       		.byte	0x7
 396 022c 54       		.byte	0x54
 397 022d 14       		.uleb128 0x14
 398 022e 12020000 		.4byte	.LASF32
 399 0232 06       		.byte	0x6
 400 0233 37       		.byte	0x37
 401 0234 3E020000 		.4byte	0x23e
 402 0238 15       		.uleb128 0x15
 403 0239 81000000 		.4byte	0x81
 404 023d 00       		.byte	0
 405 023e 13       		.uleb128 0x13
 406 023f 6C000000 		.4byte	.LASF29
 407 0243 05       		.byte	0x5
 408 0244 3D       		.byte	0x3d
ARM GAS  C:\Users\Digi-Key\AppData\Local\Temp\ccRrPuO5.s 			page 9


 409 0245 16       		.uleb128 0x16
 410 0246 26000000 		.4byte	.LASF39
 411 024a 05       		.byte	0x5
 412 024b 41       		.byte	0x41
 413 024c A2000000 		.4byte	0xa2
 414 0250 17       		.uleb128 0x17
 415 0251 EC010000 		.4byte	.LASF30
 416 0255 05       		.byte	0x5
 417 0256 49       		.byte	0x49
 418 0257 B8000000 		.4byte	0xb8
 419 025b 65020000 		.4byte	0x265
 420 025f 15       		.uleb128 0x15
 421 0260 AD000000 		.4byte	0xad
 422 0264 00       		.byte	0
 423 0265 17       		.uleb128 0x17
 424 0266 6B020000 		.4byte	.LASF31
 425 026a 08       		.byte	0x8
 426 026b DE       		.byte	0xde
 427 026c 68000000 		.4byte	0x68
 428 0270 80020000 		.4byte	0x280
 429 0274 15       		.uleb128 0x15
 430 0275 EA000000 		.4byte	0xea
 431 0279 15       		.uleb128 0x15
 432 027a F0000000 		.4byte	0xf0
 433 027e 18       		.uleb128 0x18
 434 027f 00       		.byte	0
 435 0280 14       		.uleb128 0x14
 436 0281 5C020000 		.4byte	.LASF33
 437 0285 07       		.byte	0x7
 438 0286 8B       		.byte	0x8b
 439 0287 91020000 		.4byte	0x291
 440 028b 15       		.uleb128 0x15
 441 028c 91020000 		.4byte	0x291
 442 0290 00       		.byte	0
 443 0291 05       		.uleb128 0x5
 444 0292 04       		.byte	0x4
 445 0293 97020000 		.4byte	0x297
 446 0297 06       		.uleb128 0x6
 447 0298 D1000000 		.4byte	0xd1
 448 029c 19       		.uleb128 0x19
 449 029d 73020000 		.4byte	.LASF40
 450 02a1 0A       		.byte	0xa
 451 02a2 77       		.byte	0x77
 452 02a3 15       		.uleb128 0x15
 453 02a4 97000000 		.4byte	0x97
 454 02a8 00       		.byte	0
 455 02a9 00       		.byte	0
 456              		.section	.debug_abbrev,"",%progbits
 457              	.Ldebug_abbrev0:
 458 0000 01       		.uleb128 0x1
 459 0001 11       		.uleb128 0x11
 460 0002 01       		.byte	0x1
 461 0003 25       		.uleb128 0x25
 462 0004 0E       		.uleb128 0xe
 463 0005 13       		.uleb128 0x13
 464 0006 0B       		.uleb128 0xb
 465 0007 03       		.uleb128 0x3
ARM GAS  C:\Users\Digi-Key\AppData\Local\Temp\ccRrPuO5.s 			page 10


 466 0008 0E       		.uleb128 0xe
 467 0009 1B       		.uleb128 0x1b
 468 000a 0E       		.uleb128 0xe
 469 000b 55       		.uleb128 0x55
 470 000c 17       		.uleb128 0x17
 471 000d 11       		.uleb128 0x11
 472 000e 01       		.uleb128 0x1
 473 000f 10       		.uleb128 0x10
 474 0010 17       		.uleb128 0x17
 475 0011 00       		.byte	0
 476 0012 00       		.byte	0
 477 0013 02       		.uleb128 0x2
 478 0014 24       		.uleb128 0x24
 479 0015 00       		.byte	0
 480 0016 0B       		.uleb128 0xb
 481 0017 0B       		.uleb128 0xb
 482 0018 3E       		.uleb128 0x3e
 483 0019 0B       		.uleb128 0xb
 484 001a 03       		.uleb128 0x3
 485 001b 0E       		.uleb128 0xe
 486 001c 00       		.byte	0
 487 001d 00       		.byte	0
 488 001e 03       		.uleb128 0x3
 489 001f 16       		.uleb128 0x16
 490 0020 00       		.byte	0
 491 0021 03       		.uleb128 0x3
 492 0022 0E       		.uleb128 0xe
 493 0023 3A       		.uleb128 0x3a
 494 0024 0B       		.uleb128 0xb
 495 0025 3B       		.uleb128 0x3b
 496 0026 0B       		.uleb128 0xb
 497 0027 49       		.uleb128 0x49
 498 0028 13       		.uleb128 0x13
 499 0029 00       		.byte	0
 500 002a 00       		.byte	0
 501 002b 04       		.uleb128 0x4
 502 002c 24       		.uleb128 0x24
 503 002d 00       		.byte	0
 504 002e 0B       		.uleb128 0xb
 505 002f 0B       		.uleb128 0xb
 506 0030 3E       		.uleb128 0x3e
 507 0031 0B       		.uleb128 0xb
 508 0032 03       		.uleb128 0x3
 509 0033 08       		.uleb128 0x8
 510 0034 00       		.byte	0
 511 0035 00       		.byte	0
 512 0036 05       		.uleb128 0x5
 513 0037 0F       		.uleb128 0xf
 514 0038 00       		.byte	0
 515 0039 0B       		.uleb128 0xb
 516 003a 0B       		.uleb128 0xb
 517 003b 49       		.uleb128 0x49
 518 003c 13       		.uleb128 0x13
 519 003d 00       		.byte	0
 520 003e 00       		.byte	0
 521 003f 06       		.uleb128 0x6
 522 0040 26       		.uleb128 0x26
ARM GAS  C:\Users\Digi-Key\AppData\Local\Temp\ccRrPuO5.s 			page 11


 523 0041 00       		.byte	0
 524 0042 49       		.uleb128 0x49
 525 0043 13       		.uleb128 0x13
 526 0044 00       		.byte	0
 527 0045 00       		.byte	0
 528 0046 07       		.uleb128 0x7
 529 0047 2E       		.uleb128 0x2e
 530 0048 01       		.byte	0x1
 531 0049 3F       		.uleb128 0x3f
 532 004a 19       		.uleb128 0x19
 533 004b 03       		.uleb128 0x3
 534 004c 0E       		.uleb128 0xe
 535 004d 3A       		.uleb128 0x3a
 536 004e 0B       		.uleb128 0xb
 537 004f 3B       		.uleb128 0x3b
 538 0050 0B       		.uleb128 0xb
 539 0051 49       		.uleb128 0x49
 540 0052 13       		.uleb128 0x13
 541 0053 11       		.uleb128 0x11
 542 0054 01       		.uleb128 0x1
 543 0055 12       		.uleb128 0x12
 544 0056 06       		.uleb128 0x6
 545 0057 40       		.uleb128 0x40
 546 0058 18       		.uleb128 0x18
 547 0059 9642     		.uleb128 0x2116
 548 005b 19       		.uleb128 0x19
 549 005c 01       		.uleb128 0x1
 550 005d 13       		.uleb128 0x13
 551 005e 00       		.byte	0
 552 005f 00       		.byte	0
 553 0060 08       		.uleb128 0x8
 554 0061 34       		.uleb128 0x34
 555 0062 00       		.byte	0
 556 0063 03       		.uleb128 0x3
 557 0064 0E       		.uleb128 0xe
 558 0065 3A       		.uleb128 0x3a
 559 0066 0B       		.uleb128 0xb
 560 0067 3B       		.uleb128 0x3b
 561 0068 0B       		.uleb128 0xb
 562 0069 49       		.uleb128 0x49
 563 006a 13       		.uleb128 0x13
 564 006b 02       		.uleb128 0x2
 565 006c 17       		.uleb128 0x17
 566 006d 00       		.byte	0
 567 006e 00       		.byte	0
 568 006f 09       		.uleb128 0x9
 569 0070 34       		.uleb128 0x34
 570 0071 00       		.byte	0
 571 0072 03       		.uleb128 0x3
 572 0073 0E       		.uleb128 0xe
 573 0074 3A       		.uleb128 0x3a
 574 0075 0B       		.uleb128 0xb
 575 0076 3B       		.uleb128 0x3b
 576 0077 0B       		.uleb128 0xb
 577 0078 49       		.uleb128 0x49
 578 0079 13       		.uleb128 0x13
 579 007a 02       		.uleb128 0x2
ARM GAS  C:\Users\Digi-Key\AppData\Local\Temp\ccRrPuO5.s 			page 12


 580 007b 18       		.uleb128 0x18
 581 007c 00       		.byte	0
 582 007d 00       		.byte	0
 583 007e 0A       		.uleb128 0xa
 584 007f 34       		.uleb128 0x34
 585 0080 00       		.byte	0
 586 0081 03       		.uleb128 0x3
 587 0082 08       		.uleb128 0x8
 588 0083 3A       		.uleb128 0x3a
 589 0084 0B       		.uleb128 0xb
 590 0085 3B       		.uleb128 0x3b
 591 0086 0B       		.uleb128 0xb
 592 0087 49       		.uleb128 0x49
 593 0088 13       		.uleb128 0x13
 594 0089 02       		.uleb128 0x2
 595 008a 17       		.uleb128 0x17
 596 008b 00       		.byte	0
 597 008c 00       		.byte	0
 598 008d 0B       		.uleb128 0xb
 599 008e 898201   		.uleb128 0x4109
 600 0091 00       		.byte	0
 601 0092 11       		.uleb128 0x11
 602 0093 01       		.uleb128 0x1
 603 0094 31       		.uleb128 0x31
 604 0095 13       		.uleb128 0x13
 605 0096 00       		.byte	0
 606 0097 00       		.byte	0
 607 0098 0C       		.uleb128 0xc
 608 0099 898201   		.uleb128 0x4109
 609 009c 01       		.byte	0x1
 610 009d 11       		.uleb128 0x11
 611 009e 01       		.uleb128 0x1
 612 009f 31       		.uleb128 0x31
 613 00a0 13       		.uleb128 0x13
 614 00a1 01       		.uleb128 0x1
 615 00a2 13       		.uleb128 0x13
 616 00a3 00       		.byte	0
 617 00a4 00       		.byte	0
 618 00a5 0D       		.uleb128 0xd
 619 00a6 8A8201   		.uleb128 0x410a
 620 00a9 00       		.byte	0
 621 00aa 02       		.uleb128 0x2
 622 00ab 18       		.uleb128 0x18
 623 00ac 9142     		.uleb128 0x2111
 624 00ae 18       		.uleb128 0x18
 625 00af 00       		.byte	0
 626 00b0 00       		.byte	0
 627 00b1 0E       		.uleb128 0xe
 628 00b2 898201   		.uleb128 0x4109
 629 00b5 01       		.byte	0x1
 630 00b6 11       		.uleb128 0x11
 631 00b7 01       		.uleb128 0x1
 632 00b8 31       		.uleb128 0x31
 633 00b9 13       		.uleb128 0x13
 634 00ba 00       		.byte	0
 635 00bb 00       		.byte	0
 636 00bc 0F       		.uleb128 0xf
ARM GAS  C:\Users\Digi-Key\AppData\Local\Temp\ccRrPuO5.s 			page 13


 637 00bd 01       		.uleb128 0x1
 638 00be 01       		.byte	0x1
 639 00bf 49       		.uleb128 0x49
 640 00c0 13       		.uleb128 0x13
 641 00c1 01       		.uleb128 0x1
 642 00c2 13       		.uleb128 0x13
 643 00c3 00       		.byte	0
 644 00c4 00       		.byte	0
 645 00c5 10       		.uleb128 0x10
 646 00c6 21       		.uleb128 0x21
 647 00c7 00       		.byte	0
 648 00c8 49       		.uleb128 0x49
 649 00c9 13       		.uleb128 0x13
 650 00ca 2F       		.uleb128 0x2f
 651 00cb 0B       		.uleb128 0xb
 652 00cc 00       		.byte	0
 653 00cd 00       		.byte	0
 654 00ce 11       		.uleb128 0x11
 655 00cf 34       		.uleb128 0x34
 656 00d0 00       		.byte	0
 657 00d1 03       		.uleb128 0x3
 658 00d2 0E       		.uleb128 0xe
 659 00d3 3A       		.uleb128 0x3a
 660 00d4 0B       		.uleb128 0xb
 661 00d5 3B       		.uleb128 0x3b
 662 00d6 05       		.uleb128 0x5
 663 00d7 49       		.uleb128 0x49
 664 00d8 13       		.uleb128 0x13
 665 00d9 3F       		.uleb128 0x3f
 666 00da 19       		.uleb128 0x19
 667 00db 3C       		.uleb128 0x3c
 668 00dc 19       		.uleb128 0x19
 669 00dd 00       		.byte	0
 670 00de 00       		.byte	0
 671 00df 12       		.uleb128 0x12
 672 00e0 35       		.uleb128 0x35
 673 00e1 00       		.byte	0
 674 00e2 49       		.uleb128 0x49
 675 00e3 13       		.uleb128 0x13
 676 00e4 00       		.byte	0
 677 00e5 00       		.byte	0
 678 00e6 13       		.uleb128 0x13
 679 00e7 2E       		.uleb128 0x2e
 680 00e8 00       		.byte	0
 681 00e9 3F       		.uleb128 0x3f
 682 00ea 19       		.uleb128 0x19
 683 00eb 03       		.uleb128 0x3
 684 00ec 0E       		.uleb128 0xe
 685 00ed 3A       		.uleb128 0x3a
 686 00ee 0B       		.uleb128 0xb
 687 00ef 3B       		.uleb128 0x3b
 688 00f0 0B       		.uleb128 0xb
 689 00f1 27       		.uleb128 0x27
 690 00f2 19       		.uleb128 0x19
 691 00f3 3C       		.uleb128 0x3c
 692 00f4 19       		.uleb128 0x19
 693 00f5 00       		.byte	0
ARM GAS  C:\Users\Digi-Key\AppData\Local\Temp\ccRrPuO5.s 			page 14


 694 00f6 00       		.byte	0
 695 00f7 14       		.uleb128 0x14
 696 00f8 2E       		.uleb128 0x2e
 697 00f9 01       		.byte	0x1
 698 00fa 3F       		.uleb128 0x3f
 699 00fb 19       		.uleb128 0x19
 700 00fc 03       		.uleb128 0x3
 701 00fd 0E       		.uleb128 0xe
 702 00fe 3A       		.uleb128 0x3a
 703 00ff 0B       		.uleb128 0xb
 704 0100 3B       		.uleb128 0x3b
 705 0101 0B       		.uleb128 0xb
 706 0102 27       		.uleb128 0x27
 707 0103 19       		.uleb128 0x19
 708 0104 3C       		.uleb128 0x3c
 709 0105 19       		.uleb128 0x19
 710 0106 01       		.uleb128 0x1
 711 0107 13       		.uleb128 0x13
 712 0108 00       		.byte	0
 713 0109 00       		.byte	0
 714 010a 15       		.uleb128 0x15
 715 010b 05       		.uleb128 0x5
 716 010c 00       		.byte	0
 717 010d 49       		.uleb128 0x49
 718 010e 13       		.uleb128 0x13
 719 010f 00       		.byte	0
 720 0110 00       		.byte	0
 721 0111 16       		.uleb128 0x16
 722 0112 2E       		.uleb128 0x2e
 723 0113 00       		.byte	0
 724 0114 3F       		.uleb128 0x3f
 725 0115 19       		.uleb128 0x19
 726 0116 03       		.uleb128 0x3
 727 0117 0E       		.uleb128 0xe
 728 0118 3A       		.uleb128 0x3a
 729 0119 0B       		.uleb128 0xb
 730 011a 3B       		.uleb128 0x3b
 731 011b 0B       		.uleb128 0xb
 732 011c 27       		.uleb128 0x27
 733 011d 19       		.uleb128 0x19
 734 011e 49       		.uleb128 0x49
 735 011f 13       		.uleb128 0x13
 736 0120 3C       		.uleb128 0x3c
 737 0121 19       		.uleb128 0x19
 738 0122 00       		.byte	0
 739 0123 00       		.byte	0
 740 0124 17       		.uleb128 0x17
 741 0125 2E       		.uleb128 0x2e
 742 0126 01       		.byte	0x1
 743 0127 3F       		.uleb128 0x3f
 744 0128 19       		.uleb128 0x19
 745 0129 03       		.uleb128 0x3
 746 012a 0E       		.uleb128 0xe
 747 012b 3A       		.uleb128 0x3a
 748 012c 0B       		.uleb128 0xb
 749 012d 3B       		.uleb128 0x3b
 750 012e 0B       		.uleb128 0xb
ARM GAS  C:\Users\Digi-Key\AppData\Local\Temp\ccRrPuO5.s 			page 15


 751 012f 27       		.uleb128 0x27
 752 0130 19       		.uleb128 0x19
 753 0131 49       		.uleb128 0x49
 754 0132 13       		.uleb128 0x13
 755 0133 3C       		.uleb128 0x3c
 756 0134 19       		.uleb128 0x19
 757 0135 01       		.uleb128 0x1
 758 0136 13       		.uleb128 0x13
 759 0137 00       		.byte	0
 760 0138 00       		.byte	0
 761 0139 18       		.uleb128 0x18
 762 013a 18       		.uleb128 0x18
 763 013b 00       		.byte	0
 764 013c 00       		.byte	0
 765 013d 00       		.byte	0
 766 013e 19       		.uleb128 0x19
 767 013f 2E       		.uleb128 0x2e
 768 0140 01       		.byte	0x1
 769 0141 3F       		.uleb128 0x3f
 770 0142 19       		.uleb128 0x19
 771 0143 03       		.uleb128 0x3
 772 0144 0E       		.uleb128 0xe
 773 0145 3A       		.uleb128 0x3a
 774 0146 0B       		.uleb128 0xb
 775 0147 3B       		.uleb128 0x3b
 776 0148 0B       		.uleb128 0xb
 777 0149 27       		.uleb128 0x27
 778 014a 19       		.uleb128 0x19
 779 014b 3C       		.uleb128 0x3c
 780 014c 19       		.uleb128 0x19
 781 014d 00       		.byte	0
 782 014e 00       		.byte	0
 783 014f 00       		.byte	0
 784              		.section	.debug_loc,"",%progbits
 785              	.Ldebug_loc0:
 786              	.LLST0:
 787 0000 24000000 		.4byte	.LVL6
 788 0004 29000000 		.4byte	.LVL7-1
 789 0008 0100     		.2byte	0x1
 790 000a 50       		.byte	0x50
 791 000b 00000000 		.4byte	0
 792 000f 00000000 		.4byte	0
 793              	.LLST1:
 794 0013 2A000000 		.4byte	.LVL7
 795 0017 2D000000 		.4byte	.LVL8-1
 796 001b 0100     		.2byte	0x1
 797 001d 50       		.byte	0x50
 798 001e 00000000 		.4byte	0
 799 0022 00000000 		.4byte	0
 800              	.LLST2:
 801 0026 12000000 		.4byte	.LVL2
 802 002a 16000000 		.4byte	.LVL3
 803 002e 0200     		.2byte	0x2
 804 0030 30       		.byte	0x30
 805 0031 9F       		.byte	0x9f
 806 0032 16000000 		.4byte	.LVL3
 807 0036 4E000000 		.4byte	.LVL13
ARM GAS  C:\Users\Digi-Key\AppData\Local\Temp\ccRrPuO5.s 			page 16


 808 003a 0100     		.2byte	0x1
 809 003c 54       		.byte	0x54
 810 003d 50000000 		.4byte	.LVL14
 811 0041 60000000 		.4byte	.LFE63
 812 0045 0100     		.2byte	0x1
 813 0047 54       		.byte	0x54
 814 0048 00000000 		.4byte	0
 815 004c 00000000 		.4byte	0
 816              		.section	.debug_aranges,"",%progbits
 817 0000 1C000000 		.4byte	0x1c
 818 0004 0200     		.2byte	0x2
 819 0006 00000000 		.4byte	.Ldebug_info0
 820 000a 04       		.byte	0x4
 821 000b 00       		.byte	0
 822 000c 0000     		.2byte	0
 823 000e 0000     		.2byte	0
 824 0010 00000000 		.4byte	.LFB63
 825 0014 60000000 		.4byte	.LFE63-.LFB63
 826 0018 00000000 		.4byte	0
 827 001c 00000000 		.4byte	0
 828              		.section	.debug_ranges,"",%progbits
 829              	.Ldebug_ranges0:
 830 0000 00000000 		.4byte	.LFB63
 831 0004 60000000 		.4byte	.LFE63
 832 0008 00000000 		.4byte	0
 833 000c 00000000 		.4byte	0
 834              		.section	.debug_line,"",%progbits
 835              	.Ldebug_line0:
 836 0000 CD010000 		.section	.debug_str,"MS",%progbits,1
 836      02007C01 
 836      00000201 
 836      FB0E0D00 
 836      01010101 
 837              	.LASF9:
 838 0000 5F5F696E 		.ascii	"__int32_t\000"
 838      7433325F 
 838      7400
 839              	.LASF4:
 840 000a 6C6F6E67 		.ascii	"long int\000"
 840      20696E74 
 840      00
 841              	.LASF3:
 842 0013 73686F72 		.ascii	"short unsigned int\000"
 842      7420756E 
 842      7369676E 
 842      65642069 
 842      6E7400
 843              	.LASF39:
 844 0026 4144435F 		.ascii	"ADC_GetResult16\000"
 844      47657452 
 844      6573756C 
 844      74313600 
 845              	.LASF27:
 846 0036 56444143 		.ascii	"VDAC_Start\000"
 846      5F537461 
 846      727400
 847              	.LASF25:
ARM GAS  C:\Users\Digi-Key\AppData\Local\Temp\ccRrPuO5.s 			page 17


 848 0041 6F757470 		.ascii	"output_string\000"
 848      75745F73 
 848      7472696E 
 848      6700
 849              	.LASF35:
 850 004f 2E5C6D61 		.ascii	".\\main.c\000"
 850      696E2E63 
 850      00
 851              	.LASF17:
 852 0058 666C6F61 		.ascii	"float\000"
 852      7400
 853              	.LASF1:
 854 005e 756E7369 		.ascii	"unsigned char\000"
 854      676E6564 
 854      20636861 
 854      7200
 855              	.LASF29:
 856 006c 4144435F 		.ascii	"ADC_StartConvert\000"
 856      53746172 
 856      74436F6E 
 856      76657274 
 856      00
 857              	.LASF19:
 858 007d 63686172 		.ascii	"char8\000"
 858      3800
 859              	.LASF14:
 860 0083 696E7431 		.ascii	"int16\000"
 860      3600
 861              	.LASF5:
 862 0089 6C6F6E67 		.ascii	"long unsigned int\000"
 862      20756E73 
 862      69676E65 
 862      6420696E 
 862      7400
 863              	.LASF15:
 864 009b 696E7433 		.ascii	"int32\000"
 864      3200
 865              	.LASF28:
 866 00a1 55415254 		.ascii	"UART_Start\000"
 866      5F537461 
 866      727400
 867              	.LASF24:
 868 00ac 766F6C74 		.ascii	"voltage\000"
 868      61676500 
 869              	.LASF38:
 870 00b4 49544D5F 		.ascii	"ITM_RxBuffer\000"
 870      52784275 
 870      66666572 
 870      00
 871              	.LASF18:
 872 00c1 646F7562 		.ascii	"double\000"
 872      6C6500
 873              	.LASF37:
 874 00c8 6D61696E 		.ascii	"main\000"
 874      00
 875              	.LASF12:
 876 00cd 75696E74 		.ascii	"uint16\000"
ARM GAS  C:\Users\Digi-Key\AppData\Local\Temp\ccRrPuO5.s 			page 18


 876      313600
 877              	.LASF13:
 878 00d4 75696E74 		.ascii	"uint32\000"
 878      333200
 879              	.LASF34:
 880 00db 474E5520 		.ascii	"GNU C 4.9.3 20150303 (release) [ARM/embedded-4_9-br"
 880      4320342E 
 880      392E3320 
 880      32303135 
 880      30333033 
 881 010e 616E6368 		.ascii	"anch revision 221220] -mcpu=cortex-m3 -mthumb -g -O"
 881      20726576 
 881      6973696F 
 881      6E203232 
 881      31323230 
 882 0141 67202D66 		.ascii	"g -ffunction-sections -ffat-lto-objects\000"
 882      66756E63 
 882      74696F6E 
 882      2D736563 
 882      74696F6E 
 883              	.LASF8:
 884 0169 756E7369 		.ascii	"unsigned int\000"
 884      676E6564 
 884      20696E74 
 884      00
 885              	.LASF7:
 886 0176 6C6F6E67 		.ascii	"long long unsigned int\000"
 886      206C6F6E 
 886      6720756E 
 886      7369676E 
 886      65642069 
 887              	.LASF26:
 888 018d 4144435F 		.ascii	"ADC_Start\000"
 888      53746172 
 888      7400
 889              	.LASF36:
 890 0197 433A5C55 		.ascii	"C:\\Users\\Digi-Key\\Documents\\PSoC Creator\\Works"
 890      73657273 
 890      5C446967 
 890      692D4B65 
 890      795C446F 
 891 01c5 70616365 		.ascii	"pace03\\Design01.cydsn\000"
 891      30335C44 
 891      65736967 
 891      6E30312E 
 891      63796473 
 892              	.LASF10:
 893 01db 696E7433 		.ascii	"int32_t\000"
 893      325F7400 
 894              	.LASF21:
 895 01e3 73697A65 		.ascii	"sizetype\000"
 895      74797065 
 895      00
 896              	.LASF30:
 897 01ec 4144435F 		.ascii	"ADC_CountsTo_Volts\000"
 897      436F756E 
 897      7473546F 
ARM GAS  C:\Users\Digi-Key\AppData\Local\Temp\ccRrPuO5.s 			page 19


 897      5F566F6C 
 897      747300
 898              	.LASF6:
 899 01ff 6C6F6E67 		.ascii	"long long int\000"
 899      206C6F6E 
 899      6720696E 
 899      7400
 900              	.LASF20:
 901 020d 63686172 		.ascii	"char\000"
 901      00
 902              	.LASF32:
 903 0212 56444143 		.ascii	"VDAC_SetValue\000"
 903      5F536574 
 903      56616C75 
 903      6500
 904              	.LASF2:
 905 0220 73686F72 		.ascii	"short int\000"
 905      7420696E 
 905      7400
 906              	.LASF11:
 907 022a 75696E74 		.ascii	"uint8\000"
 907      3800
 908              	.LASF23:
 909 0230 4144435F 		.ascii	"ADC_reading\000"
 909      72656164 
 909      696E6700 
 910              	.LASF16:
 911 023c 666C6F61 		.ascii	"float32\000"
 911      74333200 
 912              	.LASF22:
 913 0244 6C6F6E67 		.ascii	"long double\000"
 913      20646F75 
 913      626C6500 
 914              	.LASF0:
 915 0250 7369676E 		.ascii	"signed char\000"
 915      65642063 
 915      68617200 
 916              	.LASF33:
 917 025c 55415254 		.ascii	"UART_PutString\000"
 917      5F507574 
 917      53747269 
 917      6E6700
 918              	.LASF31:
 919 026b 73707269 		.ascii	"sprintf\000"
 919      6E746600 
 920              	.LASF40:
 921 0273 43794465 		.ascii	"CyDelay\000"
 921      6C617900 
 922              		.ident	"GCC: (GNU Tools for ARM Embedded Processors) 4.9.3 20150303 (release) [ARM/embedded-4_9-br
